[+] Containers:
 |- [+] Container: /Game/ThirdPerson/Maps/ThirdPersonMap
 |   |- [+] ActorDescs:
 |   |   |- Guid:03A385114754EDCB27C2CC94443F17F6 BaseClass: NativeClass:/Script/Engine.StaticMeshActor Name:StaticMeshActor_UAID_00D861543586F40302_2110069607 Label:SM_Cube4 SpatiallyLoaded:1 Bounds:IsValid=true, Min=(X=0.000 Y=4759.438 Z=1082.000), Max=(X=301.500 Y=5432.785 Z=1364.170) RuntimeGrid:None EditorOnly:0 RuntimeOnly:0 HLODRelevant:1 ListedInSceneOutliner:1 IsMainWorldOnly:0 FolderPath:Playground FolderGuid:C73F09FC4215536B1DCE2A9E0A830C70
 |   |   |- Guid:0B45C52440D0459FD92399B36B277CD4 BaseClass: NativeClass:/Script/Engine.BlockingVolume Name:BlockingVolume_UAID_00D861543586F50302_1545762807 Label:BlockingVolume9 SpatiallyLoaded:1 Bounds:IsValid=true, Min=(X=60.000 Y=-10355.000 Z=-1995.000), Max=(X=100.000 Y=22195.000 Z=4855.000) RuntimeGrid:None EditorOnly:0 RuntimeOnly:0 HLODRelevant:0 ListedInSceneOutliner:1 IsMainWorldOnly:0
 |   |   |- Guid:1009703B419EC70C3B22CDB5607EBD98 BaseClass:/Game/ThirdPerson/Blueprints/resppoint.resppoint_C NativeClass:/Script/Engine.Actor Name:resppoint_C_UAID_00D861543586F40302_1217071619 Label:resppoint SpatiallyLoaded:1 Bounds:IsValid=true, Min=(X=116.000 Y=1150.000 Z=64.000), Max=(X=184.000 Y=1190.000 Z=136.000) RuntimeGrid:None EditorOnly:0 RuntimeOnly:0 HLODRelevant:0 ListedInSceneOutliner:1 IsMainWorldOnly:0
 |   |   |- Guid:19D975F74EBDEF85A1644BAE1AEFDA24 BaseClass:/Game/ThirdPerson/Blueprints/glazspawn.glazspawn_C NativeClass:/Script/Engine.Actor Name:glazspawn_C_UAID_00D861543586F20302_1966861265 Label:glazspawn SpatiallyLoaded:1 Bounds:IsValid=true, Min=(X=44.000 Y=2870.000 Z=-570.000), Max=(X=1200.000 Y=3030.000 Z=670.000) RuntimeGrid:None EditorOnly:0 RuntimeOnly:0 HLODRelevant:0 ListedInSceneOutliner:1 IsMainWorldOnly:0
 |   |   |- Guid:1F825F26466B09521F039094D24DF820 BaseClass: NativeClass:/Script/Engine.BlockingVolume Name:BlockingVolume_UAID_00D861543586B60302_1724236698 Label:BlockingVolume SpatiallyLoaded:1 Bounds:IsValid=true, Min=(X=60.000 Y=0.000 Z=-150.000), Max=(X=100.000 Y=2000.000 Z=250.000) RuntimeGrid:None EditorOnly:0 RuntimeOnly:0 HLODRelevant:0 ListedInSceneOutliner:1 IsMainWorldOnly:0
 |   |   |- Guid:20369AC44789B7005A603D8DB62B728F BaseClass:/Game/ThirdPerson/Blueprints/killzon.killzon_C NativeClass:/Script/Engine.Actor Name:killzon_C_UAID_00D861543586F40302_1423539620 Label:killzon SpatiallyLoaded:1 Bounds:IsValid=true, Min=(X=-44.000 Y=-380.000 Z=-202.000), Max=(X=244.000 Y=12660.000 Z=-138.000) RuntimeGrid:None EditorOnly:0 RuntimeOnly:0 HLODRelevant:0 ListedInSceneOutliner:1 IsMainWorldOnly:0
 |   |   |- Guid:21244BE647F425C5B0119C87F470E34D BaseClass: NativeClass:/Script/Engine.StaticMeshActor Name:StaticMeshActor_UAID_00D861543586F50302_1171586788 Label:SM_Cube9 SpatiallyLoaded:1 Bounds:IsValid=true, Min=(X=0.000 Y=7445.000 Z=1312.000), Max=(X=301.500 Y=7945.000 Z=1363.750) RuntimeGrid:None EditorOnly:0 RuntimeOnly:0 HLODRelevant:1 ListedInSceneOutliner:1 IsMainWorldOnly:0 FolderPath:Playground FolderGuid:C73F09FC4215536B1DCE2A9E0A830C70
 |   |   |- Guid:295F295E45937E2FB761FA87F5260803 BaseClass:/Game/ThirdPerson/Blueprints/shooter_enemy_long_distance.shooter_enemy_long_distance_C NativeClass:/Script/Engine.Character Name:shooter_enemy_long_distance_C_UAID_00D861543586F60302_1253026960 Label:shooter_enemy_long_distance SpatiallyLoaded:1 Bounds:IsValid=true, Min=(X=146.000 Y=7590.000 Z=1450.000), Max=(X=500.000 Y=7750.000 Z=1626.000) RuntimeGrid:None EditorOnly:0 RuntimeOnly:0 HLODRelevant:0 ListedInSceneOutliner:1 IsMainWorldOnly:0
 |   |   |- Guid:2FB58999456391D349DC0F86DAC136ED BaseClass: NativeClass:/Script/Engine.SkyLight Name:SkyLight_1 Label:SkyLight SpatiallyLoaded:0 Bounds:IsValid=true, Min=(X=0.000 Y=0.000 Z=690.000), Max=(X=0.000 Y=0.000 Z=690.000) RuntimeGrid:None EditorOnly:0 RuntimeOnly:0 HLODRelevant:0 ListedInSceneOutliner:1 IsMainWorldOnly:0 FolderPath:Lighting FolderGuid:963EC3EB4002CCE9759E2EBA541A873A
 |   |   |- Guid:31542B174F1FE3714525C39960D85443 BaseClass: NativeClass:/Script/Engine.StaticMeshActor Name:StaticMeshActor_UAID_00D861543586F50302_1391831800 Label:SM_Cube18 SpatiallyLoaded:1 Bounds:IsValid=true, Min=(X=0.000 Y=12125.357 Z=332.000), Max=(X=301.500 Y=12309.627 Z=537.624) RuntimeGrid:None EditorOnly:0 RuntimeOnly:0 HLODRelevant:1 ListedInSceneOutliner:1 IsMainWorldOnly:0 FolderPath:Playground FolderGuid:C73F09FC4215536B1DCE2A9E0A830C70
 |   |   |- Guid:316CF2A6494ACA4C0E4180A87D36AB8F BaseClass: NativeClass:/Script/Engine.ExponentialHeightFog Name:ExponentialHeightFog_0 Label:ExponentialHeightFog SpatiallyLoaded:0 Bounds:IsValid=true, Min=(X=-5600.000 Y=-50.000 Z=-6850.000), Max=(X=-5600.000 Y=-50.000 Z=-6850.000) RuntimeGrid:None EditorOnly:0 RuntimeOnly:0 HLODRelevant:0 ListedInSceneOutliner:1 IsMainWorldOnly:0 FolderPath:Lighting FolderGuid:963EC3EB4002CCE9759E2EBA541A873A
 |   |   |- Guid:35A64BDE4CE03056971620AFBFF96D1D BaseClass: NativeClass:/Script/Engine.StaticMeshActor Name:StaticMeshActor_UAID_00D861543586F50302_1209589791 Label:SM_Cube12 SpatiallyLoaded:1 Bounds:IsValid=true, Min=(X=0.000 Y=7885.000 Z=782.000), Max=(X=301.500 Y=9760.000 Z=833.750) RuntimeGrid:None EditorOnly:0 RuntimeOnly:0 HLODRelevant:1 ListedInSceneOutliner:1 IsMainWorldOnly:0 FolderPath:Playground FolderGuid:C73F09FC4215536B1DCE2A9E0A830C70
 |   |   |- Guid:3A00AA1C422CE54C0BDB60BAF471BFBB BaseClass: NativeClass:/Script/Engine.PlayerStart Name:PlayerStart_0 Label:PlayerStart SpatiallyLoaded:0 Bounds:IsValid=true, Min=(X=130.000 Y=1030.000 Z=84.000), Max=(X=170.000 Y=1070.000 Z=176.000) RuntimeGrid:None EditorOnly:0 RuntimeOnly:0 HLODRelevant:0 ListedInSceneOutliner:1 IsMainWorldOnly:0
 |   |   |- Guid:410B3C234AE9E9670F821280A3FBDE2B BaseClass: NativeClass:/Script/Engine.StaticMeshActor Name:StaticMeshActor_UAID_00D861543586F50302_1375269799 Label:SM_Cube17 SpatiallyLoaded:1 Bounds:IsValid=true, Min=(X=0.000 Y=11435.357 Z=352.000), Max=(X=301.500 Y=11796.394 Z=768.286) RuntimeGrid:None EditorOnly:0 RuntimeOnly:0 HLODRelevant:1 ListedInSceneOutliner:1 IsMainWorldOnly:0 FolderPath:Playground FolderGuid:C73F09FC4215536B1DCE2A9E0A830C70
 |   |   |- Guid:422CC4C2477AF97639834D8943227DBB BaseClass:/Game/ThirdPerson/Blueprints/BP_enemy1.BP_enemy1_C NativeClass:/Script/Engine.Character Name:BP_enemy1_C_UAID_00D861543586F50302_1306950795 Label:BP_enemy2 SpatiallyLoaded:1 Bounds:IsValid=true, Min=(X=136.000 Y=8925.500 Z=828.000), Max=(X=224.000 Y=9014.000 Z=916.000) RuntimeGrid:None EditorOnly:0 RuntimeOnly:0 HLODRelevant:0 ListedInSceneOutliner:1 IsMainWorldOnly:0
 |   |   |- Guid:4685C68A4F274A8A9FD9A6BB2D0AEBEB BaseClass: NativeClass:/Script/Engine.StaticMeshActor Name:StaticMeshActor_UAID_00D861543586F50302_1341721797 Label:SM_Cube15 SpatiallyLoaded:1 Bounds:IsValid=true, Min=(X=0.000 Y=10485.000 Z=1312.000), Max=(X=301.500 Y=10985.000 Z=1363.750) RuntimeGrid:None EditorOnly:0 RuntimeOnly:0 HLODRelevant:1 ListedInSceneOutliner:1 IsMainWorldOnly:0 FolderPath:Playground FolderGuid:C73F09FC4215536B1DCE2A9E0A830C70
 |   |   |- Guid:4783C8F84BAB00F2390AD6859AC0E538 BaseClass: NativeClass:/Script/Engine.StaticMeshActor Name:StaticMeshActor_UAID_00D861543586F50302_1667812810 Label:SM_Cube22 SpatiallyLoaded:1 Bounds:IsValid=true, Min=(X=0.000 Y=12825.000 Z=-28.000), Max=(X=301.500 Y=14675.000 Z=23.750) RuntimeGrid:None EditorOnly:0 RuntimeOnly:0 HLODRelevant:1 ListedInSceneOutliner:1 IsMainWorldOnly:0 FolderPath:Playground FolderGuid:C73F09FC4215536B1DCE2A9E0A830C70
 |   |   |- Guid:48CB9D7C40CF46478B84FDA3CB90BA40 BaseClass: NativeClass:/Script/Engine.StaticMeshActor Name:StaticMeshActor_UAID_00D861543586F50302_1204406790 Label:SM_Cube11 SpatiallyLoaded:1 Bounds:IsValid=true, Min=(X=0.000 Y=9695.000 Z=812.000), Max=(X=301.500 Y=9746.750 Z=1312.000) RuntimeGrid:None EditorOnly:0 RuntimeOnly:0 HLODRelevant:1 ListedInSceneOutliner:1 IsMainWorldOnly:0 FolderPath:Playground FolderGuid:C73F09FC4215536B1DCE2A9E0A830C70
 |   |   |- Guid:4D3BE93F4146AAAC8BBE79999D96D57F BaseClass: NativeClass:/Script/Engine.VolumetricCloud Name:VolumetricCloud_0 Label:VolumetricCloud SpatiallyLoaded:0 Bounds:IsValid=true, Min=(X=0.000 Y=0.000 Z=820.000), Max=(X=0.000 Y=0.000 Z=820.000) RuntimeGrid:None EditorOnly:0 RuntimeOnly:0 HLODRelevant:0 ListedInSceneOutliner:1 IsMainWorldOnly:0 FolderPath:Lighting FolderGuid:963EC3EB4002CCE9759E2EBA541A873A
 |   |   |- Guid:563FB06B4E39919E46B1798A5F7CADE0 BaseClass: NativeClass:/Script/Engine.StaticMeshActor Name:StaticMeshActor_UAID_00D861543586F50302_1100336784 Label:SM_Cube5 SpatiallyLoaded:1 Bounds:IsValid=true, Min=(X=0.000 Y=5415.000 Z=1312.000), Max=(X=301.500 Y=6115.000 Z=1363.750) RuntimeGrid:None EditorOnly:0 RuntimeOnly:0 HLODRelevant:1 ListedInSceneOutliner:1 IsMainWorldOnly:0 FolderPath:Playground FolderGuid:C73F09FC4215536B1DCE2A9E0A830C70
 |   |   |- Guid:6239BE4B4F47CD0928984590D406003F BaseClass: NativeClass:/Script/Engine.StaticMeshActor Name:StaticMeshActor_UAID_00D861543586F50302_1147286785 Label:SM_Cube6 SpatiallyLoaded:1 Bounds:IsValid=true, Min=(X=0.000 Y=6395.000 Z=1312.000), Max=(X=301.500 Y=6495.000 Z=1363.750) RuntimeGrid:None EditorOnly:0 RuntimeOnly:0 HLODRelevant:1 ListedInSceneOutliner:1 IsMainWorldOnly:0 FolderPath:Playground FolderGuid:C73F09FC4215536B1DCE2A9E0A830C70
 |   |   |- Guid:632C6B6A4370963F178CFB88CD546A3E BaseClass: NativeClass:/Script/Engine.BlockingVolume Name:BlockingVolume_UAID_00D861543586F10302_1607984081 Label:BlockingVolume4 SpatiallyLoaded:1 Bounds:IsValid=true, Min=(X=200.000 Y=1940.000 Z=-150.000), Max=(X=240.000 Y=3940.000 Z=250.000) RuntimeGrid:None EditorOnly:0 RuntimeOnly:0 HLODRelevant:0 ListedInSceneOutliner:1 IsMainWorldOnly:0
 |   |   |- Guid:67B5DB9042F29F2B5954DC92E9B13CC5 BaseClass: NativeClass:/Script/Engine.BlockingVolume Name:BlockingVolume_UAID_00D861543586F10302_1630359083 Label:BlockingVolume6 SpatiallyLoaded:1 Bounds:IsValid=true, Min=(X=200.000 Y=3415.398 Z=-75.996), Max=(X=240.000 Y=5204.602 Z=1515.996) RuntimeGrid:None EditorOnly:0 RuntimeOnly:0 HLODRelevant:0 ListedInSceneOutliner:1 IsMainWorldOnly:0
 |   |   |- Guid:6BAF4DDD444C60371492D3919DB42C97 BaseClass: NativeClass:/Script/Engine.WorldDataLayers Name:WorldDataLayers Label:WorldDataLayers SpatiallyLoaded:0 Bounds:IsValid=true, Min=(X=0.000 Y=0.000 Z=0.000), Max=(X=0.000 Y=0.000 Z=0.000) RuntimeGrid:None EditorOnly:0 RuntimeOnly:0 HLODRelevant:0 ListedInSceneOutliner:1 IsMainWorldOnly:1
 |   |   |- Guid:6DC28D6E448CE092EFA0A9B430A6BE17 BaseClass: NativeClass:/Script/Engine.BlockingVolume Name:BlockingVolume_UAID_00D861543586F10302_1710997085 Label:BlockingVolume8 SpatiallyLoaded:1 Bounds:IsValid=true, Min=(X=60.000 Y=3415.398 Z=-75.996), Max=(X=100.000 Y=5204.602 Z=1515.996) RuntimeGrid:None EditorOnly:0 RuntimeOnly:0 HLODRelevant:0 ListedInSceneOutliner:1 IsMainWorldOnly:0
 |   |   |- Guid:7B2E07424C49F14546FF66A3F2B7B608 BaseClass: NativeClass:/Script/Engine.StaticMeshActor Name:StaticMeshActor_UAID_00D861543586F50302_1163784787 Label:SM_Cube8 SpatiallyLoaded:1 Bounds:IsValid=true, Min=(X=0.000 Y=7105.000 Z=1312.000), Max=(X=301.500 Y=7205.000 Z=1363.750) RuntimeGrid:None EditorOnly:0 RuntimeOnly:0 HLODRelevant:1 ListedInSceneOutliner:1 IsMainWorldOnly:0 FolderPath:Playground FolderGuid:C73F09FC4215536B1DCE2A9E0A830C70
 |   |   |- Guid:85EB1B5C4706E4A44F0E66A8D9BC6C64 BaseClass: NativeClass:/Script/Engine.StaticMeshActor Name:StaticMeshActor_UAID_00D861543586F50302_1417595802 Label:SM_Cube20 SpatiallyLoaded:1 Bounds:IsValid=true, Min=(X=0.000 Y=12185.000 Z=-25.812), Max=(X=301.500 Y=12716.193 Z=431.643) RuntimeGrid:None EditorOnly:0 RuntimeOnly:0 HLODRelevant:1 ListedInSceneOutliner:1 IsMainWorldOnly:0 FolderPath:Playground FolderGuid:C73F09FC4215536B1DCE2A9E0A830C70
 |   |   |- Guid:8F3DCAE54C614515DC44F19632780CBE BaseClass: NativeClass:/Script/Engine.BlockingVolume Name:BlockingVolume_UAID_00D861543586F10302_1646893084 Label:BlockingVolume7 SpatiallyLoaded:1 Bounds:IsValid=true, Min=(X=200.000 Y=3415.398 Z=-75.996), Max=(X=240.000 Y=5204.602 Z=1515.996) RuntimeGrid:None EditorOnly:0 RuntimeOnly:0 HLODRelevant:0 ListedInSceneOutliner:1 IsMainWorldOnly:0
 |   |   |- Guid:9187D09D4D323ECDE00C7695EEE98C09 BaseClass: NativeClass:/Script/Engine.StaticMeshActor Name:StaticMeshActor_UAID_00D861543586F50302_1404425801 Label:SM_Cube19 SpatiallyLoaded:1 Bounds:IsValid=true, Min=(X=0.000 Y=11565.000 Z=-32.230), Max=(X=301.500 Y=12211.100 Z=521.643) RuntimeGrid:None EditorOnly:0 RuntimeOnly:0 HLODRelevant:1 ListedInSceneOutliner:1 IsMainWorldOnly:0 FolderPath:Playground FolderGuid:C73F09FC4215536B1DCE2A9E0A830C70
 |   |   |- Guid:94CDCC794FBC8EEFCC70F4B05A761F61 BaseClass: NativeClass:/Script/Engine.StaticMeshActor Name:StaticMeshActor_UAID_00D861543586F50302_1237573792 Label:SM_Cube13 SpatiallyLoaded:1 Bounds:IsValid=true, Min=(X=0.000 Y=9075.000 Z=1092.000), Max=(X=301.500 Y=9175.000 Z=1143.750) RuntimeGrid:None EditorOnly:0 RuntimeOnly:0 HLODRelevant:1 ListedInSceneOutliner:1 IsMainWorldOnly:0 FolderPath:Playground FolderGuid:C73F09FC4215536B1DCE2A9E0A830C70
 |   |   |- Guid:9CDF0A574F3DF6F31BF87FA3FDE48E29 BaseClass: NativeClass:/Script/Engine.StaticMeshActor Name:StaticMeshActor_UAID_00D861543586F50302_1251733793 Label:SM_Cube14 SpatiallyLoaded:1 Bounds:IsValid=true, Min=(X=0.000 Y=9695.000 Z=1312.000), Max=(X=301.500 Y=10195.000 Z=1363.750) RuntimeGrid:None EditorOnly:0 RuntimeOnly:0 HLODRelevant:1 ListedInSceneOutliner:1 IsMainWorldOnly:0 FolderPath:Playground FolderGuid:C73F09FC4215536B1DCE2A9E0A830C70
 |   |   |- Guid:A0D04D294C5739F0329F27B5FBC86687 BaseClass:/Game/ThirdPerson/Blueprints/shooter_enemy.shooter_enemy_C NativeClass:/Script/Engine.Character Name:shooter_enemy_C_UAID_00D861543586F50302_1684527811 Label:shooter_enemy SpatiallyLoaded:1 Bounds:IsValid=true, Min=(X=162.000 Y=12230.000 Z=602.000), Max=(X=870.000 Y=12350.000 Z=734.000) RuntimeGrid:None EditorOnly:0 RuntimeOnly:0 HLODRelevant:0 ListedInSceneOutliner:1 IsMainWorldOnly:0
 |   |   |- Guid:A26199224B703CBA93C6F891F92BE646 BaseClass: NativeClass:/Script/Engine.BlockingVolume Name:BlockingVolume_UAID_00D861543586B60302_1990275699 Label:BlockingVolume2 SpatiallyLoaded:1 Bounds:IsValid=true, Min=(X=200.000 Y=0.000 Z=-150.000), Max=(X=240.000 Y=2000.000 Z=250.000) RuntimeGrid:None EditorOnly:0 RuntimeOnly:0 HLODRelevant:0 ListedInSceneOutliner:1 IsMainWorldOnly:0
 |   |   |- Guid:A2AD1C4A48FF884B45E0269413C106A0 BaseClass: NativeClass:/Script/Engine.StaticMeshActor Name:StaticMeshActor_UAID_00D861543586F40302_1544573621 Label:SM_Cube3 SpatiallyLoaded:1 Bounds:IsValid=true, Min=(X=0.000 Y=-3230.000 Z=-14.420), Max=(X=301.500 Y=67.203 Z=1222.756) RuntimeGrid:None EditorOnly:0 RuntimeOnly:0 HLODRelevant:1 ListedInSceneOutliner:1 IsMainWorldOnly:0 FolderPath:Playground FolderGuid:C73F09FC4215536B1DCE2A9E0A830C70
 |   |   |- Guid:AC7F22AD413C6F002FA84F92C0B68F74 BaseClass: NativeClass:/Script/Engine.StaticMeshActor Name:StaticMeshActor_UAID_00D861543586F10302_1415127079 Label:SM_Cube2 SpatiallyLoaded:1 Bounds:IsValid=true, Min=(X=0.000 Y=3460.753 Z=0.000), Max=(X=301.500 Y=4792.276 Z=1127.594) RuntimeGrid:None EditorOnly:0 RuntimeOnly:0 HLODRelevant:1 ListedInSceneOutliner:1 IsMainWorldOnly:0 FolderPath:Playground FolderGuid:C73F09FC4215536B1DCE2A9E0A830C70
 |   |   |- Guid:B00F62BB4948BA37849240949EE2CF7D BaseClass: NativeClass:/Script/Engine.StaticMeshActor Name:StaticMeshActor_UAID_00D861543586F50302_1184297789 Label:SM_Cube10 SpatiallyLoaded:1 Bounds:IsValid=true, Min=(X=0.000 Y=7885.000 Z=812.000), Max=(X=301.500 Y=7936.750 Z=1312.000) RuntimeGrid:None EditorOnly:0 RuntimeOnly:0 HLODRelevant:1 ListedInSceneOutliner:1 IsMainWorldOnly:0 FolderPath:Playground FolderGuid:C73F09FC4215536B1DCE2A9E0A830C70
 |   |   |- Guid:B3B95D2A44A2A543ED6105A37E5A4584 BaseClass: NativeClass:/Script/Engine.StaticMeshActor Name:StaticMeshActor_UAID_00D861543586F50302_1431402803 Label:SM_Cube21 SpatiallyLoaded:1 Bounds:IsValid=true, Min=(X=0.000 Y=12185.000 Z=-28.000), Max=(X=301.500 Y=12835.000 Z=23.750) RuntimeGrid:None EditorOnly:0 RuntimeOnly:0 HLODRelevant:1 ListedInSceneOutliner:1 IsMainWorldOnly:0 FolderPath:Playground FolderGuid:C73F09FC4215536B1DCE2A9E0A830C70
 |   |   |- Guid:B785ED2844B84CFB91E7F39FE661CD99 BaseClass: NativeClass:/Script/Engine.DirectionalLight Name:DirectionalLight_0 Label:DirectionalLight SpatiallyLoaded:0 Bounds:IsValid=true, Min=(X=-1048576.000 Y=-1048576.000 Z=-1048576.000), Max=(X=1048576.000 Y=1048576.000 Z=1048576.000) RuntimeGrid:None EditorOnly:0 RuntimeOnly:0 HLODRelevant:0 ListedInSceneOutliner:1 IsMainWorldOnly:0 FolderPath:Lighting FolderGuid:963EC3EB4002CCE9759E2EBA541A873A
 |   |   |- Guid:B821D03D46523240CCCDF2BA25956EE0 BaseClass:/Game/ThirdPerson/Blueprints/resppoint.resppoint_C NativeClass:/Script/Engine.Actor Name:resppoint_C_UAID_00D861543586F50302_1525041806 Label:resppoint3 SpatiallyLoaded:1 Bounds:IsValid=true, Min=(X=74.000 Y=9904.000 Z=1370.000), Max=(X=226.000 Y=9936.000 Z=1490.000) RuntimeGrid:None EditorOnly:0 RuntimeOnly:0 HLODRelevant:0 ListedInSceneOutliner:1 IsMainWorldOnly:0
 |   |   |- Guid:C36D36AB46D12EAACE9D189223920105 BaseClass:/Game/ThirdPerson/Blueprints/resppoint.resppoint_C NativeClass:/Script/Engine.Actor Name:resppoint_C_UAID_00D861543586F50302_1503827805 Label:resppoint2 SpatiallyLoaded:1 Bounds:IsValid=true, Min=(X=74.000 Y=4844.000 Z=1180.000), Max=(X=226.000 Y=4876.000 Z=1300.000) RuntimeGrid:None EditorOnly:0 RuntimeOnly:0 HLODRelevant:0 ListedInSceneOutliner:1 IsMainWorldOnly:0
 |   |   |- Guid:CBFE9D494C5B0B72DB39B5B8535672E7 BaseClass: NativeClass:/Script/Engine.BlockingVolume Name:BlockingVolume_UAID_00D861543586F10302_1429818080 Label:BlockingVolume3 SpatiallyLoaded:1 Bounds:IsValid=true, Min=(X=-145.000 Y=200.000 Z=-150.000), Max=(X=505.000 Y=240.000 Z=250.000) RuntimeGrid:None EditorOnly:0 RuntimeOnly:0 HLODRelevant:0 ListedInSceneOutliner:1 IsMainWorldOnly:0
 |   |   |- Guid:CCFF262C46EEFFDF319E7F9539CE697E BaseClass: NativeClass:/Script/Engine.SkyAtmosphere Name:SkyAtmosphere_0 Label:SkyAtmosphere SpatiallyLoaded:0 Bounds:IsValid=true, Min=(X=0.000 Y=0.000 Z=1020.000), Max=(X=0.000 Y=0.000 Z=1020.000) RuntimeGrid:None EditorOnly:0 RuntimeOnly:0 HLODRelevant:0 ListedInSceneOutliner:1 IsMainWorldOnly:0 FolderPath:Lighting FolderGuid:963EC3EB4002CCE9759E2EBA541A873A
 |   |   |- Guid:DE60B10C4760BE071779FDAA72A7D65A BaseClass: NativeClass:/Script/Engine.BlockingVolume Name:BlockingVolume_UAID_00D861543586F50302_1587586808 Label:BlockingVolume10 SpatiallyLoaded:1 Bounds:IsValid=true, Min=(X=200.000 Y=-10355.000 Z=-1995.000), Max=(X=240.000 Y=22195.000 Z=4855.000) RuntimeGrid:None EditorOnly:0 RuntimeOnly:0 HLODRelevant:0 ListedInSceneOutliner:1 IsMainWorldOnly:0
 |   |   |- Guid:DF0E290048D5A8E5C897F18F60AB4ACB BaseClass:/Game/ThirdPerson/Blueprints/woda.woda_C NativeClass:/Script/Engine.Actor Name:woda_C_UAID_00D861543586F50302_1466957804 Label:woda SpatiallyLoaded:1 Bounds:IsValid=true, Min=(X=132.000 Y=12286.000 Z=26.000), Max=(X=228.000 Y=12374.000 Z=154.000) RuntimeGrid:None EditorOnly:0 RuntimeOnly:0 HLODRelevant:0 ListedInSceneOutliner:1 IsMainWorldOnly:0
 |   |   |- Guid:E1FAA45D46FF2A028DD539A3EA04C7FE BaseClass: NativeClass:/Script/Engine.BlockingVolume Name:BlockingVolume_UAID_00D861543586F10302_1617590082 Label:BlockingVolume5 SpatiallyLoaded:1 Bounds:IsValid=true, Min=(X=60.000 Y=1780.000 Z=-150.000), Max=(X=100.000 Y=3780.000 Z=250.000) RuntimeGrid:None EditorOnly:0 RuntimeOnly:0 HLODRelevant:0 ListedInSceneOutliner:1 IsMainWorldOnly:0
 |   |   |- Guid:EB5F1B5045FC20FCF0015394A363CB86 BaseClass: NativeClass:/Script/Engine.StaticMeshActor Name:StaticMeshActor_UAID_00D861543586F50302_1158949786 Label:SM_Cube7 SpatiallyLoaded:1 Bounds:IsValid=true, Min=(X=0.000 Y=6785.000 Z=1312.000), Max=(X=301.500 Y=6885.000 Z=1363.750) RuntimeGrid:None EditorOnly:0 RuntimeOnly:0 HLODRelevant:1 ListedInSceneOutliner:1 IsMainWorldOnly:0 FolderPath:Playground FolderGuid:C73F09FC4215536B1DCE2A9E0A830C70
 |   |   |- Guid:EC1EC70E4122D48676F09AAC6601BF48 BaseClass:/Game/ThirdPerson/Blueprints/BP_enemy1.BP_enemy1_C NativeClass:/Script/Engine.Character Name:BP_enemy1_C_UAID_00D861543586F50302_1313892796 Label:BP_enemy3 SpatiallyLoaded:1 Bounds:IsValid=true, Min=(X=156.000 Y=8346.000 Z=818.000), Max=(X=244.000 Y=8434.500 Z=906.000) RuntimeGrid:None EditorOnly:0 RuntimeOnly:0 HLODRelevant:0 ListedInSceneOutliner:1 IsMainWorldOnly:0
 |   |   |- Guid:F03EA5654BCD68E362C6C5BDDBA5F804 BaseClass:/Game/ThirdPerson/Blueprints/locationofglazspawn.locationofglazspawn_C NativeClass:/Script/Engine.Actor Name:another_C_UAID_00D861543586F30302_1376343442 Label:another SpatiallyLoaded:1 Bounds:IsValid=true, Min=(X=118.000 Y=4560.000 Z=1070.000), Max=(X=390.000 Y=4720.000 Z=1230.000) RuntimeGrid:None EditorOnly:0 RuntimeOnly:0 HLODRelevant:0 ListedInSceneOutliner:1 IsMainWorldOnly:0
 |   |   |- Guid:F11D448A4615FA414878CE8A11800CAE BaseClass: NativeClass:/Script/Engine.StaticMeshActor Name:StaticMeshActor_UAID_00D861543586F50302_1364494798 Label:SM_Cube16 SpatiallyLoaded:1 Bounds:IsValid=true, Min=(X=0.000 Y=10935.000 Z=890.990), Max=(X=301.500 Y=11422.546 Z=1110.629) RuntimeGrid:None EditorOnly:0 RuntimeOnly:0 HLODRelevant:1 ListedInSceneOutliner:1 IsMainWorldOnly:0 FolderPath:Playground FolderGuid:C73F09FC4215536B1DCE2A9E0A830C70
 |   |   |- Guid:F1924B8D48954B30891B2DB6A694F9CC BaseClass: NativeClass:/Script/Engine.StaticMeshActor Name:StaticMeshActor_1 Label:SM_Cube SpatiallyLoaded:1 Bounds:IsValid=true, Min=(X=0.000 Y=0.000 Z=0.000), Max=(X=301.500 Y=3492.250 Z=45.500) RuntimeGrid:None EditorOnly:0 RuntimeOnly:0 HLODRelevant:1 ListedInSceneOutliner:1 IsMainWorldOnly:0 FolderPath:Playground FolderGuid:C73F09FC4215536B1DCE2A9E0A830C70
 |   |- [+] Clusters:
 |   |   |- [+] [  0]
 |   |   |   |- Guid:03A385114754EDCB27C2CC94443F17F6 BaseClass: NativeClass:/Script/Engine.StaticMeshActor Name:StaticMeshActor_UAID_00D861543586F40302_2110069607 Label:SM_Cube4 SpatiallyLoaded:1 Bounds:IsValid=true, Min=(X=0.000 Y=4759.438 Z=1082.000), Max=(X=301.500 Y=5432.785 Z=1364.170) RuntimeGrid:None EditorOnly:0 RuntimeOnly:0 HLODRelevant:1 ListedInSceneOutliner:1 IsMainWorldOnly:0 FolderPath:Playground FolderGuid:C73F09FC4215536B1DCE2A9E0A830C70
 |   |   |- [+] [  1]
 |   |   |   |- Guid:0B45C52440D0459FD92399B36B277CD4 BaseClass: NativeClass:/Script/Engine.BlockingVolume Name:BlockingVolume_UAID_00D861543586F50302_1545762807 Label:BlockingVolume9 SpatiallyLoaded:1 Bounds:IsValid=true, Min=(X=60.000 Y=-10355.000 Z=-1995.000), Max=(X=100.000 Y=22195.000 Z=4855.000) RuntimeGrid:None EditorOnly:0 RuntimeOnly:0 HLODRelevant:0 ListedInSceneOutliner:1 IsMainWorldOnly:0
 |   |   |- [+] [  2]
 |   |   |   |- Guid:1009703B419EC70C3B22CDB5607EBD98 BaseClass:/Game/ThirdPerson/Blueprints/resppoint.resppoint_C NativeClass:/Script/Engine.Actor Name:resppoint_C_UAID_00D861543586F40302_1217071619 Label:resppoint SpatiallyLoaded:1 Bounds:IsValid=true, Min=(X=116.000 Y=1150.000 Z=64.000), Max=(X=184.000 Y=1190.000 Z=136.000) RuntimeGrid:None EditorOnly:0 RuntimeOnly:0 HLODRelevant:0 ListedInSceneOutliner:1 IsMainWorldOnly:0
 |   |   |- [+] [  3]
 |   |   |   |- Guid:19D975F74EBDEF85A1644BAE1AEFDA24 BaseClass:/Game/ThirdPerson/Blueprints/glazspawn.glazspawn_C NativeClass:/Script/Engine.Actor Name:glazspawn_C_UAID_00D861543586F20302_1966861265 Label:glazspawn SpatiallyLoaded:1 Bounds:IsValid=true, Min=(X=44.000 Y=2870.000 Z=-570.000), Max=(X=1200.000 Y=3030.000 Z=670.000) RuntimeGrid:None EditorOnly:0 RuntimeOnly:0 HLODRelevant:0 ListedInSceneOutliner:1 IsMainWorldOnly:0
 |   |   |- [+] [  4]
 |   |   |   |- Guid:1F825F26466B09521F039094D24DF820 BaseClass: NativeClass:/Script/Engine.BlockingVolume Name:BlockingVolume_UAID_00D861543586B60302_1724236698 Label:BlockingVolume SpatiallyLoaded:1 Bounds:IsValid=true, Min=(X=60.000 Y=0.000 Z=-150.000), Max=(X=100.000 Y=2000.000 Z=250.000) RuntimeGrid:None EditorOnly:0 RuntimeOnly:0 HLODRelevant:0 ListedInSceneOutliner:1 IsMainWorldOnly:0
 |   |   |- [+] [  5]
 |   |   |   |- Guid:20369AC44789B7005A603D8DB62B728F BaseClass:/Game/ThirdPerson/Blueprints/killzon.killzon_C NativeClass:/Script/Engine.Actor Name:killzon_C_UAID_00D861543586F40302_1423539620 Label:killzon SpatiallyLoaded:1 Bounds:IsValid=true, Min=(X=-44.000 Y=-380.000 Z=-202.000), Max=(X=244.000 Y=12660.000 Z=-138.000) RuntimeGrid:None EditorOnly:0 RuntimeOnly:0 HLODRelevant:0 ListedInSceneOutliner:1 IsMainWorldOnly:0
 |   |   |- [+] [  6]
 |   |   |   |- Guid:21244BE647F425C5B0119C87F470E34D BaseClass: NativeClass:/Script/Engine.StaticMeshActor Name:StaticMeshActor_UAID_00D861543586F50302_1171586788 Label:SM_Cube9 SpatiallyLoaded:1 Bounds:IsValid=true, Min=(X=0.000 Y=7445.000 Z=1312.000), Max=(X=301.500 Y=7945.000 Z=1363.750) RuntimeGrid:None EditorOnly:0 RuntimeOnly:0 HLODRelevant:1 ListedInSceneOutliner:1 IsMainWorldOnly:0 FolderPath:Playground FolderGuid:C73F09FC4215536B1DCE2A9E0A830C70
 |   |   |- [+] [  7]
 |   |   |   |- Guid:295F295E45937E2FB761FA87F5260803 BaseClass:/Game/ThirdPerson/Blueprints/shooter_enemy_long_distance.shooter_enemy_long_distance_C NativeClass:/Script/Engine.Character Name:shooter_enemy_long_distance_C_UAID_00D861543586F60302_1253026960 Label:shooter_enemy_long_distance SpatiallyLoaded:1 Bounds:IsValid=true, Min=(X=146.000 Y=7590.000 Z=1450.000), Max=(X=500.000 Y=7750.000 Z=1626.000) RuntimeGrid:None EditorOnly:0 RuntimeOnly:0 HLODRelevant:0 ListedInSceneOutliner:1 IsMainWorldOnly:0
 |   |   |- [+] [  8]
 |   |   |   |- Guid:2FB58999456391D349DC0F86DAC136ED BaseClass: NativeClass:/Script/Engine.SkyLight Name:SkyLight_1 Label:SkyLight SpatiallyLoaded:0 Bounds:IsValid=true, Min=(X=0.000 Y=0.000 Z=690.000), Max=(X=0.000 Y=0.000 Z=690.000) RuntimeGrid:None EditorOnly:0 RuntimeOnly:0 HLODRelevant:0 ListedInSceneOutliner:1 IsMainWorldOnly:0 FolderPath:Lighting FolderGuid:963EC3EB4002CCE9759E2EBA541A873A
 |   |   |- [+] [  9]
 |   |   |   |- Guid:31542B174F1FE3714525C39960D85443 BaseClass: NativeClass:/Script/Engine.StaticMeshActor Name:StaticMeshActor_UAID_00D861543586F50302_1391831800 Label:SM_Cube18 SpatiallyLoaded:1 Bounds:IsValid=true, Min=(X=0.000 Y=12125.357 Z=332.000), Max=(X=301.500 Y=12309.627 Z=537.624) RuntimeGrid:None EditorOnly:0 RuntimeOnly:0 HLODRelevant:1 ListedInSceneOutliner:1 IsMainWorldOnly:0 FolderPath:Playground FolderGuid:C73F09FC4215536B1DCE2A9E0A830C70
 |   |   |- [+] [ 10]
 |   |   |   |- Guid:316CF2A6494ACA4C0E4180A87D36AB8F BaseClass: NativeClass:/Script/Engine.ExponentialHeightFog Name:ExponentialHeightFog_0 Label:ExponentialHeightFog SpatiallyLoaded:0 Bounds:IsValid=true, Min=(X=-5600.000 Y=-50.000 Z=-6850.000), Max=(X=-5600.000 Y=-50.000 Z=-6850.000) RuntimeGrid:None EditorOnly:0 RuntimeOnly:0 HLODRelevant:0 ListedInSceneOutliner:1 IsMainWorldOnly:0 FolderPath:Lighting FolderGuid:963EC3EB4002CCE9759E2EBA541A873A
 |   |   |- [+] [ 11]
 |   |   |   |- Guid:35A64BDE4CE03056971620AFBFF96D1D BaseClass: NativeClass:/Script/Engine.StaticMeshActor Name:StaticMeshActor_UAID_00D861543586F50302_1209589791 Label:SM_Cube12 SpatiallyLoaded:1 Bounds:IsValid=true, Min=(X=0.000 Y=7885.000 Z=782.000), Max=(X=301.500 Y=9760.000 Z=833.750) RuntimeGrid:None EditorOnly:0 RuntimeOnly:0 HLODRelevant:1 ListedInSceneOutliner:1 IsMainWorldOnly:0 FolderPath:Playground FolderGuid:C73F09FC4215536B1DCE2A9E0A830C70
 |   |   |- [+] [ 12]
 |   |   |   |- Guid:3A00AA1C422CE54C0BDB60BAF471BFBB BaseClass: NativeClass:/Script/Engine.PlayerStart Name:PlayerStart_0 Label:PlayerStart SpatiallyLoaded:0 Bounds:IsValid=true, Min=(X=130.000 Y=1030.000 Z=84.000), Max=(X=170.000 Y=1070.000 Z=176.000) RuntimeGrid:None EditorOnly:0 RuntimeOnly:0 HLODRelevant:0 ListedInSceneOutliner:1 IsMainWorldOnly:0
 |   |   |- [+] [ 13]
 |   |   |   |- Guid:410B3C234AE9E9670F821280A3FBDE2B BaseClass: NativeClass:/Script/Engine.StaticMeshActor Name:StaticMeshActor_UAID_00D861543586F50302_1375269799 Label:SM_Cube17 SpatiallyLoaded:1 Bounds:IsValid=true, Min=(X=0.000 Y=11435.357 Z=352.000), Max=(X=301.500 Y=11796.394 Z=768.286) RuntimeGrid:None EditorOnly:0 RuntimeOnly:0 HLODRelevant:1 ListedInSceneOutliner:1 IsMainWorldOnly:0 FolderPath:Playground FolderGuid:C73F09FC4215536B1DCE2A9E0A830C70
 |   |   |- [+] [ 14]
 |   |   |   |- Guid:422CC4C2477AF97639834D8943227DBB BaseClass:/Game/ThirdPerson/Blueprints/BP_enemy1.BP_enemy1_C NativeClass:/Script/Engine.Character Name:BP_enemy1_C_UAID_00D861543586F50302_1306950795 Label:BP_enemy2 SpatiallyLoaded:1 Bounds:IsValid=true, Min=(X=136.000 Y=8925.500 Z=828.000), Max=(X=224.000 Y=9014.000 Z=916.000) RuntimeGrid:None EditorOnly:0 RuntimeOnly:0 HLODRelevant:0 ListedInSceneOutliner:1 IsMainWorldOnly:0
 |   |   |- [+] [ 15]
 |   |   |   |- Guid:4685C68A4F274A8A9FD9A6BB2D0AEBEB BaseClass: NativeClass:/Script/Engine.StaticMeshActor Name:StaticMeshActor_UAID_00D861543586F50302_1341721797 Label:SM_Cube15 SpatiallyLoaded:1 Bounds:IsValid=true, Min=(X=0.000 Y=10485.000 Z=1312.000), Max=(X=301.500 Y=10985.000 Z=1363.750) RuntimeGrid:None EditorOnly:0 RuntimeOnly:0 HLODRelevant:1 ListedInSceneOutliner:1 IsMainWorldOnly:0 FolderPath:Playground FolderGuid:C73F09FC4215536B1DCE2A9E0A830C70
 |   |   |- [+] [ 16]
 |   |   |   |- Guid:4783C8F84BAB00F2390AD6859AC0E538 BaseClass: NativeClass:/Script/Engine.StaticMeshActor Name:StaticMeshActor_UAID_00D861543586F50302_1667812810 Label:SM_Cube22 SpatiallyLoaded:1 Bounds:IsValid=true, Min=(X=0.000 Y=12825.000 Z=-28.000), Max=(X=301.500 Y=14675.000 Z=23.750) RuntimeGrid:None EditorOnly:0 RuntimeOnly:0 HLODRelevant:1 ListedInSceneOutliner:1 IsMainWorldOnly:0 FolderPath:Playground FolderGuid:C73F09FC4215536B1DCE2A9E0A830C70
 |   |   |- [+] [ 17]
 |   |   |   |- Guid:48CB9D7C40CF46478B84FDA3CB90BA40 BaseClass: NativeClass:/Script/Engine.StaticMeshActor Name:StaticMeshActor_UAID_00D861543586F50302_1204406790 Label:SM_Cube11 SpatiallyLoaded:1 Bounds:IsValid=true, Min=(X=0.000 Y=9695.000 Z=812.000), Max=(X=301.500 Y=9746.750 Z=1312.000) RuntimeGrid:None EditorOnly:0 RuntimeOnly:0 HLODRelevant:1 ListedInSceneOutliner:1 IsMainWorldOnly:0 FolderPath:Playground FolderGuid:C73F09FC4215536B1DCE2A9E0A830C70
 |   |   |- [+] [ 18]
 |   |   |   |- Guid:4D3BE93F4146AAAC8BBE79999D96D57F BaseClass: NativeClass:/Script/Engine.VolumetricCloud Name:VolumetricCloud_0 Label:VolumetricCloud SpatiallyLoaded:0 Bounds:IsValid=true, Min=(X=0.000 Y=0.000 Z=820.000), Max=(X=0.000 Y=0.000 Z=820.000) RuntimeGrid:None EditorOnly:0 RuntimeOnly:0 HLODRelevant:0 ListedInSceneOutliner:1 IsMainWorldOnly:0 FolderPath:Lighting FolderGuid:963EC3EB4002CCE9759E2EBA541A873A
 |   |   |- [+] [ 19]
 |   |   |   |- Guid:563FB06B4E39919E46B1798A5F7CADE0 BaseClass: NativeClass:/Script/Engine.StaticMeshActor Name:StaticMeshActor_UAID_00D861543586F50302_1100336784 Label:SM_Cube5 SpatiallyLoaded:1 Bounds:IsValid=true, Min=(X=0.000 Y=5415.000 Z=1312.000), Max=(X=301.500 Y=6115.000 Z=1363.750) RuntimeGrid:None EditorOnly:0 RuntimeOnly:0 HLODRelevant:1 ListedInSceneOutliner:1 IsMainWorldOnly:0 FolderPath:Playground FolderGuid:C73F09FC4215536B1DCE2A9E0A830C70
 |   |   |- [+] [ 20]
 |   |   |   |- Guid:6239BE4B4F47CD0928984590D406003F BaseClass: NativeClass:/Script/Engine.StaticMeshActor Name:StaticMeshActor_UAID_00D861543586F50302_1147286785 Label:SM_Cube6 SpatiallyLoaded:1 Bounds:IsValid=true, Min=(X=0.000 Y=6395.000 Z=1312.000), Max=(X=301.500 Y=6495.000 Z=1363.750) RuntimeGrid:None EditorOnly:0 RuntimeOnly:0 HLODRelevant:1 ListedInSceneOutliner:1 IsMainWorldOnly:0 FolderPath:Playground FolderGuid:C73F09FC4215536B1DCE2A9E0A830C70
 |   |   |- [+] [ 21]
 |   |   |   |- Guid:632C6B6A4370963F178CFB88CD546A3E BaseClass: NativeClass:/Script/Engine.BlockingVolume Name:BlockingVolume_UAID_00D861543586F10302_1607984081 Label:BlockingVolume4 SpatiallyLoaded:1 Bounds:IsValid=true, Min=(X=200.000 Y=1940.000 Z=-150.000), Max=(X=240.000 Y=3940.000 Z=250.000) RuntimeGrid:None EditorOnly:0 RuntimeOnly:0 HLODRelevant:0 ListedInSceneOutliner:1 IsMainWorldOnly:0
 |   |   |- [+] [ 22]
 |   |   |   |- Guid:67B5DB9042F29F2B5954DC92E9B13CC5 BaseClass: NativeClass:/Script/Engine.BlockingVolume Name:BlockingVolume_UAID_00D861543586F10302_1630359083 Label:BlockingVolume6 SpatiallyLoaded:1 Bounds:IsValid=true, Min=(X=200.000 Y=3415.398 Z=-75.996), Max=(X=240.000 Y=5204.602 Z=1515.996) RuntimeGrid:None EditorOnly:0 RuntimeOnly:0 HLODRelevant:0 ListedInSceneOutliner:1 IsMainWorldOnly:0
 |   |   |- [+] [ 23]
 |   |   |   |- Guid:6BAF4DDD444C60371492D3919DB42C97 BaseClass: NativeClass:/Script/Engine.WorldDataLayers Name:WorldDataLayers Label:WorldDataLayers SpatiallyLoaded:0 Bounds:IsValid=true, Min=(X=0.000 Y=0.000 Z=0.000), Max=(X=0.000 Y=0.000 Z=0.000) RuntimeGrid:None EditorOnly:0 RuntimeOnly:0 HLODRelevant:0 ListedInSceneOutliner:1 IsMainWorldOnly:1
 |   |   |- [+] [ 24]
 |   |   |   |- Guid:6DC28D6E448CE092EFA0A9B430A6BE17 BaseClass: NativeClass:/Script/Engine.BlockingVolume Name:BlockingVolume_UAID_00D861543586F10302_1710997085 Label:BlockingVolume8 SpatiallyLoaded:1 Bounds:IsValid=true, Min=(X=60.000 Y=3415.398 Z=-75.996), Max=(X=100.000 Y=5204.602 Z=1515.996) RuntimeGrid:None EditorOnly:0 RuntimeOnly:0 HLODRelevant:0 ListedInSceneOutliner:1 IsMainWorldOnly:0
 |   |   |- [+] [ 25]
 |   |   |   |- Guid:7B2E07424C49F14546FF66A3F2B7B608 BaseClass: NativeClass:/Script/Engine.StaticMeshActor Name:StaticMeshActor_UAID_00D861543586F50302_1163784787 Label:SM_Cube8 SpatiallyLoaded:1 Bounds:IsValid=true, Min=(X=0.000 Y=7105.000 Z=1312.000), Max=(X=301.500 Y=7205.000 Z=1363.750) RuntimeGrid:None EditorOnly:0 RuntimeOnly:0 HLODRelevant:1 ListedInSceneOutliner:1 IsMainWorldOnly:0 FolderPath:Playground FolderGuid:C73F09FC4215536B1DCE2A9E0A830C70
 |   |   |- [+] [ 26]
 |   |   |   |- Guid:85EB1B5C4706E4A44F0E66A8D9BC6C64 BaseClass: NativeClass:/Script/Engine.StaticMeshActor Name:StaticMeshActor_UAID_00D861543586F50302_1417595802 Label:SM_Cube20 SpatiallyLoaded:1 Bounds:IsValid=true, Min=(X=0.000 Y=12185.000 Z=-25.812), Max=(X=301.500 Y=12716.193 Z=431.643) RuntimeGrid:None EditorOnly:0 RuntimeOnly:0 HLODRelevant:1 ListedInSceneOutliner:1 IsMainWorldOnly:0 FolderPath:Playground FolderGuid:C73F09FC4215536B1DCE2A9E0A830C70
 |   |   |- [+] [ 27]
 |   |   |   |- Guid:8F3DCAE54C614515DC44F19632780CBE BaseClass: NativeClass:/Script/Engine.BlockingVolume Name:BlockingVolume_UAID_00D861543586F10302_1646893084 Label:BlockingVolume7 SpatiallyLoaded:1 Bounds:IsValid=true, Min=(X=200.000 Y=3415.398 Z=-75.996), Max=(X=240.000 Y=5204.602 Z=1515.996) RuntimeGrid:None EditorOnly:0 RuntimeOnly:0 HLODRelevant:0 ListedInSceneOutliner:1 IsMainWorldOnly:0
 |   |   |- [+] [ 28]
 |   |   |   |- Guid:9187D09D4D323ECDE00C7695EEE98C09 BaseClass: NativeClass:/Script/Engine.StaticMeshActor Name:StaticMeshActor_UAID_00D861543586F50302_1404425801 Label:SM_Cube19 SpatiallyLoaded:1 Bounds:IsValid=true, Min=(X=0.000 Y=11565.000 Z=-32.230), Max=(X=301.500 Y=12211.100 Z=521.643) RuntimeGrid:None EditorOnly:0 RuntimeOnly:0 HLODRelevant:1 ListedInSceneOutliner:1 IsMainWorldOnly:0 FolderPath:Playground FolderGuid:C73F09FC4215536B1DCE2A9E0A830C70
 |   |   |- [+] [ 29]
 |   |   |   |- Guid:94CDCC794FBC8EEFCC70F4B05A761F61 BaseClass: NativeClass:/Script/Engine.StaticMeshActor Name:StaticMeshActor_UAID_00D861543586F50302_1237573792 Label:SM_Cube13 SpatiallyLoaded:1 Bounds:IsValid=true, Min=(X=0.000 Y=9075.000 Z=1092.000), Max=(X=301.500 Y=9175.000 Z=1143.750) RuntimeGrid:None EditorOnly:0 RuntimeOnly:0 HLODRelevant:1 ListedInSceneOutliner:1 IsMainWorldOnly:0 FolderPath:Playground FolderGuid:C73F09FC4215536B1DCE2A9E0A830C70
 |   |   |- [+] [ 30]
 |   |   |   |- Guid:9CDF0A574F3DF6F31BF87FA3FDE48E29 BaseClass: NativeClass:/Script/Engine.StaticMeshActor Name:StaticMeshActor_UAID_00D861543586F50302_1251733793 Label:SM_Cube14 SpatiallyLoaded:1 Bounds:IsValid=true, Min=(X=0.000 Y=9695.000 Z=1312.000), Max=(X=301.500 Y=10195.000 Z=1363.750) RuntimeGrid:None EditorOnly:0 RuntimeOnly:0 HLODRelevant:1 ListedInSceneOutliner:1 IsMainWorldOnly:0 FolderPath:Playground FolderGuid:C73F09FC4215536B1DCE2A9E0A830C70
 |   |   |- [+] [ 31]
 |   |   |   |- Guid:A0D04D294C5739F0329F27B5FBC86687 BaseClass:/Game/ThirdPerson/Blueprints/shooter_enemy.shooter_enemy_C NativeClass:/Script/Engine.Character Name:shooter_enemy_C_UAID_00D861543586F50302_1684527811 Label:shooter_enemy SpatiallyLoaded:1 Bounds:IsValid=true, Min=(X=162.000 Y=12230.000 Z=602.000), Max=(X=870.000 Y=12350.000 Z=734.000) RuntimeGrid:None EditorOnly:0 RuntimeOnly:0 HLODRelevant:0 ListedInSceneOutliner:1 IsMainWorldOnly:0
 |   |   |- [+] [ 32]
 |   |   |   |- Guid:A26199224B703CBA93C6F891F92BE646 BaseClass: NativeClass:/Script/Engine.BlockingVolume Name:BlockingVolume_UAID_00D861543586B60302_1990275699 Label:BlockingVolume2 SpatiallyLoaded:1 Bounds:IsValid=true, Min=(X=200.000 Y=0.000 Z=-150.000), Max=(X=240.000 Y=2000.000 Z=250.000) RuntimeGrid:None EditorOnly:0 RuntimeOnly:0 HLODRelevant:0 ListedInSceneOutliner:1 IsMainWorldOnly:0
 |   |   |- [+] [ 33]
 |   |   |   |- Guid:A2AD1C4A48FF884B45E0269413C106A0 BaseClass: NativeClass:/Script/Engine.StaticMeshActor Name:StaticMeshActor_UAID_00D861543586F40302_1544573621 Label:SM_Cube3 SpatiallyLoaded:1 Bounds:IsValid=true, Min=(X=0.000 Y=-3230.000 Z=-14.420), Max=(X=301.500 Y=67.203 Z=1222.756) RuntimeGrid:None EditorOnly:0 RuntimeOnly:0 HLODRelevant:1 ListedInSceneOutliner:1 IsMainWorldOnly:0 FolderPath:Playground FolderGuid:C73F09FC4215536B1DCE2A9E0A830C70
 |   |   |- [+] [ 34]
 |   |   |   |- Guid:AC7F22AD413C6F002FA84F92C0B68F74 BaseClass: NativeClass:/Script/Engine.StaticMeshActor Name:StaticMeshActor_UAID_00D861543586F10302_1415127079 Label:SM_Cube2 SpatiallyLoaded:1 Bounds:IsValid=true, Min=(X=0.000 Y=3460.753 Z=0.000), Max=(X=301.500 Y=4792.276 Z=1127.594) RuntimeGrid:None EditorOnly:0 RuntimeOnly:0 HLODRelevant:1 ListedInSceneOutliner:1 IsMainWorldOnly:0 FolderPath:Playground FolderGuid:C73F09FC4215536B1DCE2A9E0A830C70
 |   |   |- [+] [ 35]
 |   |   |   |- Guid:B00F62BB4948BA37849240949EE2CF7D BaseClass: NativeClass:/Script/Engine.StaticMeshActor Name:StaticMeshActor_UAID_00D861543586F50302_1184297789 Label:SM_Cube10 SpatiallyLoaded:1 Bounds:IsValid=true, Min=(X=0.000 Y=7885.000 Z=812.000), Max=(X=301.500 Y=7936.750 Z=1312.000) RuntimeGrid:None EditorOnly:0 RuntimeOnly:0 HLODRelevant:1 ListedInSceneOutliner:1 IsMainWorldOnly:0 FolderPath:Playground FolderGuid:C73F09FC4215536B1DCE2A9E0A830C70
 |   |   |- [+] [ 36]
 |   |   |   |- Guid:B3B95D2A44A2A543ED6105A37E5A4584 BaseClass: NativeClass:/Script/Engine.StaticMeshActor Name:StaticMeshActor_UAID_00D861543586F50302_1431402803 Label:SM_Cube21 SpatiallyLoaded:1 Bounds:IsValid=true, Min=(X=0.000 Y=12185.000 Z=-28.000), Max=(X=301.500 Y=12835.000 Z=23.750) RuntimeGrid:None EditorOnly:0 RuntimeOnly:0 HLODRelevant:1 ListedInSceneOutliner:1 IsMainWorldOnly:0 FolderPath:Playground FolderGuid:C73F09FC4215536B1DCE2A9E0A830C70
 |   |   |- [+] [ 37]
 |   |   |   |- Guid:B785ED2844B84CFB91E7F39FE661CD99 BaseClass: NativeClass:/Script/Engine.DirectionalLight Name:DirectionalLight_0 Label:DirectionalLight SpatiallyLoaded:0 Bounds:IsValid=true, Min=(X=-1048576.000 Y=-1048576.000 Z=-1048576.000), Max=(X=1048576.000 Y=1048576.000 Z=1048576.000) RuntimeGrid:None EditorOnly:0 RuntimeOnly:0 HLODRelevant:0 ListedInSceneOutliner:1 IsMainWorldOnly:0 FolderPath:Lighting FolderGuid:963EC3EB4002CCE9759E2EBA541A873A
 |   |   |- [+] [ 38]
 |   |   |   |- Guid:B821D03D46523240CCCDF2BA25956EE0 BaseClass:/Game/ThirdPerson/Blueprints/resppoint.resppoint_C NativeClass:/Script/Engine.Actor Name:resppoint_C_UAID_00D861543586F50302_1525041806 Label:resppoint3 SpatiallyLoaded:1 Bounds:IsValid=true, Min=(X=74.000 Y=9904.000 Z=1370.000), Max=(X=226.000 Y=9936.000 Z=1490.000) RuntimeGrid:None EditorOnly:0 RuntimeOnly:0 HLODRelevant:0 ListedInSceneOutliner:1 IsMainWorldOnly:0
 |   |   |- [+] [ 39]
 |   |   |   |- Guid:C36D36AB46D12EAACE9D189223920105 BaseClass:/Game/ThirdPerson/Blueprints/resppoint.resppoint_C NativeClass:/Script/Engine.Actor Name:resppoint_C_UAID_00D861543586F50302_1503827805 Label:resppoint2 SpatiallyLoaded:1 Bounds:IsValid=true, Min=(X=74.000 Y=4844.000 Z=1180.000), Max=(X=226.000 Y=4876.000 Z=1300.000) RuntimeGrid:None EditorOnly:0 RuntimeOnly:0 HLODRelevant:0 ListedInSceneOutliner:1 IsMainWorldOnly:0
 |   |   |- [+] [ 40]
 |   |   |   |- Guid:CBFE9D494C5B0B72DB39B5B8535672E7 BaseClass: NativeClass:/Script/Engine.BlockingVolume Name:BlockingVolume_UAID_00D861543586F10302_1429818080 Label:BlockingVolume3 SpatiallyLoaded:1 Bounds:IsValid=true, Min=(X=-145.000 Y=200.000 Z=-150.000), Max=(X=505.000 Y=240.000 Z=250.000) RuntimeGrid:None EditorOnly:0 RuntimeOnly:0 HLODRelevant:0 ListedInSceneOutliner:1 IsMainWorldOnly:0
 |   |   |- [+] [ 41]
 |   |   |   |- Guid:CCFF262C46EEFFDF319E7F9539CE697E BaseClass: NativeClass:/Script/Engine.SkyAtmosphere Name:SkyAtmosphere_0 Label:SkyAtmosphere SpatiallyLoaded:0 Bounds:IsValid=true, Min=(X=0.000 Y=0.000 Z=1020.000), Max=(X=0.000 Y=0.000 Z=1020.000) RuntimeGrid:None EditorOnly:0 RuntimeOnly:0 HLODRelevant:0 ListedInSceneOutliner:1 IsMainWorldOnly:0 FolderPath:Lighting FolderGuid:963EC3EB4002CCE9759E2EBA541A873A
 |   |   |- [+] [ 42]
 |   |   |   |- Guid:DE60B10C4760BE071779FDAA72A7D65A BaseClass: NativeClass:/Script/Engine.BlockingVolume Name:BlockingVolume_UAID_00D861543586F50302_1587586808 Label:BlockingVolume10 SpatiallyLoaded:1 Bounds:IsValid=true, Min=(X=200.000 Y=-10355.000 Z=-1995.000), Max=(X=240.000 Y=22195.000 Z=4855.000) RuntimeGrid:None EditorOnly:0 RuntimeOnly:0 HLODRelevant:0 ListedInSceneOutliner:1 IsMainWorldOnly:0
 |   |   |- [+] [ 43]
 |   |   |   |- Guid:DF0E290048D5A8E5C897F18F60AB4ACB BaseClass:/Game/ThirdPerson/Blueprints/woda.woda_C NativeClass:/Script/Engine.Actor Name:woda_C_UAID_00D861543586F50302_1466957804 Label:woda SpatiallyLoaded:1 Bounds:IsValid=true, Min=(X=132.000 Y=12286.000 Z=26.000), Max=(X=228.000 Y=12374.000 Z=154.000) RuntimeGrid:None EditorOnly:0 RuntimeOnly:0 HLODRelevant:0 ListedInSceneOutliner:1 IsMainWorldOnly:0
 |   |   |- [+] [ 44]
 |   |   |   |- Guid:E1FAA45D46FF2A028DD539A3EA04C7FE BaseClass: NativeClass:/Script/Engine.BlockingVolume Name:BlockingVolume_UAID_00D861543586F10302_1617590082 Label:BlockingVolume5 SpatiallyLoaded:1 Bounds:IsValid=true, Min=(X=60.000 Y=1780.000 Z=-150.000), Max=(X=100.000 Y=3780.000 Z=250.000) RuntimeGrid:None EditorOnly:0 RuntimeOnly:0 HLODRelevant:0 ListedInSceneOutliner:1 IsMainWorldOnly:0
 |   |   |- [+] [ 45]
 |   |   |   |- Guid:EB5F1B5045FC20FCF0015394A363CB86 BaseClass: NativeClass:/Script/Engine.StaticMeshActor Name:StaticMeshActor_UAID_00D861543586F50302_1158949786 Label:SM_Cube7 SpatiallyLoaded:1 Bounds:IsValid=true, Min=(X=0.000 Y=6785.000 Z=1312.000), Max=(X=301.500 Y=6885.000 Z=1363.750) RuntimeGrid:None EditorOnly:0 RuntimeOnly:0 HLODRelevant:1 ListedInSceneOutliner:1 IsMainWorldOnly:0 FolderPath:Playground FolderGuid:C73F09FC4215536B1DCE2A9E0A830C70
 |   |   |- [+] [ 46]
 |   |   |   |- Guid:EC1EC70E4122D48676F09AAC6601BF48 BaseClass:/Game/ThirdPerson/Blueprints/BP_enemy1.BP_enemy1_C NativeClass:/Script/Engine.Character Name:BP_enemy1_C_UAID_00D861543586F50302_1313892796 Label:BP_enemy3 SpatiallyLoaded:1 Bounds:IsValid=true, Min=(X=156.000 Y=8346.000 Z=818.000), Max=(X=244.000 Y=8434.500 Z=906.000) RuntimeGrid:None EditorOnly:0 RuntimeOnly:0 HLODRelevant:0 ListedInSceneOutliner:1 IsMainWorldOnly:0
 |   |   |- [+] [ 47]
 |   |   |   |- Guid:F03EA5654BCD68E362C6C5BDDBA5F804 BaseClass:/Game/ThirdPerson/Blueprints/locationofglazspawn.locationofglazspawn_C NativeClass:/Script/Engine.Actor Name:another_C_UAID_00D861543586F30302_1376343442 Label:another SpatiallyLoaded:1 Bounds:IsValid=true, Min=(X=118.000 Y=4560.000 Z=1070.000), Max=(X=390.000 Y=4720.000 Z=1230.000) RuntimeGrid:None EditorOnly:0 RuntimeOnly:0 HLODRelevant:0 ListedInSceneOutliner:1 IsMainWorldOnly:0
 |   |   |- [+] [ 48]
 |   |   |   |- Guid:F11D448A4615FA414878CE8A11800CAE BaseClass: NativeClass:/Script/Engine.StaticMeshActor Name:StaticMeshActor_UAID_00D861543586F50302_1364494798 Label:SM_Cube16 SpatiallyLoaded:1 Bounds:IsValid=true, Min=(X=0.000 Y=10935.000 Z=890.990), Max=(X=301.500 Y=11422.546 Z=1110.629) RuntimeGrid:None EditorOnly:0 RuntimeOnly:0 HLODRelevant:1 ListedInSceneOutliner:1 IsMainWorldOnly:0 FolderPath:Playground FolderGuid:C73F09FC4215536B1DCE2A9E0A830C70
 |   |   |- [+] [ 49]
 |   |   |   |- Guid:F1924B8D48954B30891B2DB6A694F9CC BaseClass: NativeClass:/Script/Engine.StaticMeshActor Name:StaticMeshActor_1 Label:SM_Cube SpatiallyLoaded:1 Bounds:IsValid=true, Min=(X=0.000 Y=0.000 Z=0.000), Max=(X=301.500 Y=3492.250 Z=45.500) RuntimeGrid:None EditorOnly:0 RuntimeOnly:0 HLODRelevant:1 ListedInSceneOutliner:1 IsMainWorldOnly:0 FolderPath:Playground FolderGuid:C73F09FC4215536B1DCE2A9E0A830C70
 |- ContainerInstances:
 |- [+] MainContainer:
 |   |-        ID: 00000000000000000000000000000000
 |   |-  ParentID: 00000000000000000000000000000000
 |   |-    Bounds: IsValid=false, Min=(X=0.000 Y=0.000 Z=0.000), Max=(X=0.000 Y=0.000 Z=0.000)
 |   |- Transform: 0.000000,0.000000,0.000000|0.000000,0.000000,-0.000000|1.000000,1.000000,1.000000
 |   |- Container: /Game/ThirdPerson/Maps/ThirdPersonMap
----------------------------------------------------------------------------------------------------------------
ThirdPersonMap - Persistent Level
----------------------------------------------------------------------------------------------------------------
[+] Content of ThirdPersonMap Persistent Level
 |- Always loaded Actor Count: 50 
 |- Actor Path: /Game/ThirdPerson/Maps/ThirdPersonMap.ThirdPersonMap:PersistentLevel.another_C_UAID_00D861543586F30302_1376343442
 |- Actor Package: /Game/__ExternalActors__/ThirdPerson/Maps/ThirdPersonMap/0/8O/YBW1DDO48VCVFBVJJOKUCB
 |- Actor Path: /Game/ThirdPerson/Maps/ThirdPersonMap.ThirdPersonMap:PersistentLevel.BlockingVolume_UAID_00D861543586B60302_1724236698
 |- Actor Package: /Game/__ExternalActors__/ThirdPerson/Maps/ThirdPersonMap/B/RK/VUY7DRPO1O7JL0O8S1ACIO
 |- Actor Path: /Game/ThirdPerson/Maps/ThirdPersonMap.ThirdPersonMap:PersistentLevel.BlockingVolume_UAID_00D861543586B60302_1990275699
 |- Actor Package: /Game/__ExternalActors__/ThirdPerson/Maps/ThirdPersonMap/E/VM/XNYQHJ0N7HW4AX52B7XA5Q
 |- Actor Path: /Game/ThirdPerson/Maps/ThirdPersonMap.ThirdPersonMap:PersistentLevel.BlockingVolume_UAID_00D861543586F10302_1429818080
 |- Actor Package: /Game/__ExternalActors__/ThirdPerson/Maps/ThirdPersonMap/5/N4/C8XRMQUO94E9RXL3Y85SWV
 |- Actor Path: /Game/ThirdPerson/Maps/ThirdPersonMap.ThirdPersonMap:PersistentLevel.BlockingVolume_UAID_00D861543586F10302_1607984081
 |- Actor Package: /Game/__ExternalActors__/ThirdPerson/Maps/ThirdPersonMap/3/1Y/W2MWPPAABKA8NVZFL2C4KP
 |- Actor Path: /Game/ThirdPerson/Maps/ThirdPersonMap.ThirdPersonMap:PersistentLevel.BlockingVolume_UAID_00D861543586F10302_1617590082
 |- Actor Package: /Game/__ExternalActors__/ThirdPerson/Maps/ThirdPersonMap/7/EB/7SEDSKYDQD38W7UN8Q2KYG
 |- Actor Path: /Game/ThirdPerson/Maps/ThirdPersonMap.ThirdPersonMap:PersistentLevel.BlockingVolume_UAID_00D861543586F10302_1630359083
 |- Actor Package: /Game/__ExternalActors__/ThirdPerson/Maps/ThirdPersonMap/1/R5/YW6ZIPQT7XXXPV4B2OQDC8
 |- Actor Path: /Game/ThirdPerson/Maps/ThirdPersonMap.ThirdPersonMap:PersistentLevel.BlockingVolume_UAID_00D861543586F10302_1646893084
 |- Actor Package: /Game/__ExternalActors__/ThirdPerson/Maps/ThirdPersonMap/4/WG/YAXE0YLMC8TSSUHIS684B8
 |- Actor Path: /Game/ThirdPerson/Maps/ThirdPersonMap.ThirdPersonMap:PersistentLevel.BlockingVolume_UAID_00D861543586F10302_1710997085
 |- Actor Package: /Game/__ExternalActors__/ThirdPerson/Maps/ThirdPersonMap/8/JW/FVKG28FJIDYEGTUOH7FB0M
 |- Actor Path: /Game/ThirdPerson/Maps/ThirdPersonMap.ThirdPersonMap:PersistentLevel.BlockingVolume_UAID_00D861543586F50302_1545762807
 |- Actor Package: /Game/__ExternalActors__/ThirdPerson/Maps/ThirdPersonMap/9/LP/HQ6OZMVTX5MO3A4202X11O
 |- Actor Path: /Game/ThirdPerson/Maps/ThirdPersonMap.ThirdPersonMap:PersistentLevel.BlockingVolume_UAID_00D861543586F50302_1587586808
 |- Actor Package: /Game/__ExternalActors__/ThirdPerson/Maps/ThirdPersonMap/C/SV/VNRZ8O7WKZOF7O33UD06WK
 |- Actor Path: /Game/ThirdPerson/Maps/ThirdPersonMap.ThirdPersonMap:PersistentLevel.BP_enemy1_C_UAID_00D861543586F50302_1306950795
 |- Actor Package: /Game/__ExternalActors__/ThirdPerson/Maps/ThirdPersonMap/3/Z8/3TKZO2DZEAGKRP89PK1T9H
 |- Actor Path: /Game/ThirdPerson/Maps/ThirdPersonMap.ThirdPersonMap:PersistentLevel.BP_enemy1_C_UAID_00D861543586F50302_1313892796
 |- Actor Package: /Game/__ExternalActors__/ThirdPerson/Maps/ThirdPersonMap/1/7L/EO4WPL0O11I2P5Q7RQ17R5
 |- Actor Path: /Game/ThirdPerson/Maps/ThirdPersonMap.ThirdPersonMap:PersistentLevel.DirectionalLight_0
 |- Actor Package: /Game/__ExternalActors__/ThirdPerson/Maps/ThirdPersonMap/5/R1/TS5OQ5CRUWFZYL1ZQ7I416
 |- Actor Path: /Game/ThirdPerson/Maps/ThirdPersonMap.ThirdPersonMap:PersistentLevel.ExponentialHeightFog_0
 |- Actor Package: /Game/__ExternalActors__/ThirdPerson/Maps/ThirdPersonMap/6/J7/N10XDC9G27EMLS5AGZ6AVV
 |- Actor Path: /Game/ThirdPerson/Maps/ThirdPersonMap.ThirdPersonMap:PersistentLevel.glazspawn_C_UAID_00D861543586F20302_1966861265
 |- Actor Package: /Game/__ExternalActors__/ThirdPerson/Maps/ThirdPersonMap/8/LE/DQU6CN78KQI8EF8SOCA157
 |- Actor Path: /Game/ThirdPerson/Maps/ThirdPersonMap.ThirdPersonMap:PersistentLevel.killzon_C_UAID_00D861543586F40302_1423539620
 |- Actor Package: /Game/__ExternalActors__/ThirdPerson/Maps/ThirdPersonMap/E/HW/G67ZC4D502KLCEB5A7MXLD
 |- Actor Path: /Game/ThirdPerson/Maps/ThirdPersonMap.ThirdPersonMap:PersistentLevel.PlayerStart_0
 |- Actor Package: /Game/__ExternalActors__/ThirdPerson/Maps/ThirdPersonMap/D/DE/SWSI13675DVYIZ0N4NF7Y3
 |- Actor Path: /Game/ThirdPerson/Maps/ThirdPersonMap.ThirdPersonMap:PersistentLevel.resppoint_C_UAID_00D861543586F40302_1217071619
 |- Actor Package: /Game/__ExternalActors__/ThirdPerson/Maps/ThirdPersonMap/D/0M/20O8VSPKX4W2IK26PP9PIR
 |- Actor Path: /Game/ThirdPerson/Maps/ThirdPersonMap.ThirdPersonMap:PersistentLevel.resppoint_C_UAID_00D861543586F50302_1503827805
 |- Actor Package: /Game/__ExternalActors__/ThirdPerson/Maps/ThirdPersonMap/5/P7/CINXL995DYA4XLJCBSAZH6
 |- Actor Path: /Game/ThirdPerson/Maps/ThirdPersonMap.ThirdPersonMap:PersistentLevel.resppoint_C_UAID_00D861543586F50302_1525041806
 |- Actor Package: /Game/__ExternalActors__/ThirdPerson/Maps/ThirdPersonMap/6/J8/LYKYRGZAXISJUYVJCLWCFV
 |- Actor Path: /Game/ThirdPerson/Maps/ThirdPersonMap.ThirdPersonMap:PersistentLevel.shooter_enemy_C_UAID_00D861543586F50302_1684527811
 |- Actor Package: /Game/__ExternalActors__/ThirdPerson/Maps/ThirdPersonMap/E/O1/481IKU30HTUIAJ0R9WYOV3
 |- Actor Path: /Game/ThirdPerson/Maps/ThirdPersonMap.ThirdPersonMap:PersistentLevel.shooter_enemy_long_distance_C_UAID_00D861543586F60302_1253026960
 |- Actor Package: /Game/__ExternalActors__/ThirdPerson/Maps/ThirdPersonMap/B/IC/P4XU6H3JAKH5GGUXV7W7JW
 |- Actor Path: /Game/ThirdPerson/Maps/ThirdPersonMap.ThirdPersonMap:PersistentLevel.SkyAtmosphere_0
 |- Actor Package: /Game/__ExternalActors__/ThirdPerson/Maps/ThirdPersonMap/4/LN/30UBDLYFFA5ZR7U4W4L4GG
 |- Actor Path: /Game/ThirdPerson/Maps/ThirdPersonMap.ThirdPersonMap:PersistentLevel.SkyLight_1
 |- Actor Package: /Game/__ExternalActors__/ThirdPerson/Maps/ThirdPersonMap/8/S1/DXUWD12MD3HRWVVXX076BY
 |- Actor Path: /Game/ThirdPerson/Maps/ThirdPersonMap.ThirdPersonMap:PersistentLevel.StaticMeshActor_1
 |- Actor Package: /Game/__ExternalActors__/ThirdPerson/Maps/ThirdPersonMap/6/YO/NG2R9BPZVA7ZDN0Z4VSTG6
 |- Actor Path: /Game/ThirdPerson/Maps/ThirdPersonMap.ThirdPersonMap:PersistentLevel.StaticMeshActor_UAID_00D861543586F10302_1415127079
 |- Actor Package: /Game/__ExternalActors__/ThirdPerson/Maps/ThirdPersonMap/C/NP/YWAR4UI21VXX1DAOO4LWE3
 |- Actor Path: /Game/ThirdPerson/Maps/ThirdPersonMap.ThirdPersonMap:PersistentLevel.StaticMeshActor_UAID_00D861543586F40302_1544573621
 |- Actor Package: /Game/__ExternalActors__/ThirdPerson/Maps/ThirdPersonMap/1/PA/NRBK2IQWEXEO0IWAZ5G6KI
 |- Actor Path: /Game/ThirdPerson/Maps/ThirdPersonMap.ThirdPersonMap:PersistentLevel.StaticMeshActor_UAID_00D861543586F40302_2110069607
 |- Actor Package: /Game/__ExternalActors__/ThirdPerson/Maps/ThirdPersonMap/7/5J/I7BAQZSCKH4ME3FGXX9DUD
 |- Actor Path: /Game/ThirdPerson/Maps/ThirdPersonMap.ThirdPersonMap:PersistentLevel.StaticMeshActor_UAID_00D861543586F50302_1100336784
 |- Actor Package: /Game/__ExternalActors__/ThirdPerson/Maps/ThirdPersonMap/6/HM/3F908AZPZV90PXOGA1UP06
 |- Actor Path: /Game/ThirdPerson/Maps/ThirdPersonMap.ThirdPersonMap:PersistentLevel.StaticMeshActor_UAID_00D861543586F50302_1147286785
 |- Actor Package: /Game/__ExternalActors__/ThirdPerson/Maps/ThirdPersonMap/C/9Y/INHCD4EKPQE1IRWWFF6FJ8
 |- Actor Path: /Game/ThirdPerson/Maps/ThirdPersonMap.ThirdPersonMap:PersistentLevel.StaticMeshActor_UAID_00D861543586F50302_1158949786
 |- Actor Package: /Game/__ExternalActors__/ThirdPerson/Maps/ThirdPersonMap/4/6D/SGOBAVIF85RZ6QK746MO2M
 |- Actor Path: /Game/ThirdPerson/Maps/ThirdPersonMap.ThirdPersonMap:PersistentLevel.StaticMeshActor_UAID_00D861543586F50302_1163784787
 |- Actor Package: /Game/__ExternalActors__/ThirdPerson/Maps/ThirdPersonMap/B/EB/VHUZ5IKSRH7ZXK206P7N2O
 |- Actor Path: /Game/ThirdPerson/Maps/ThirdPersonMap.ThirdPersonMap:PersistentLevel.StaticMeshActor_UAID_00D861543586F50302_1171586788
 |- Actor Package: /Game/__ExternalActors__/ThirdPerson/Maps/ThirdPersonMap/6/19/HTRJA84KJG2J0BG8ZGV3WV
 |- Actor Path: /Game/ThirdPerson/Maps/ThirdPersonMap.ThirdPersonMap:PersistentLevel.StaticMeshActor_UAID_00D861543586F50302_1184297789
 |- Actor Package: /Game/__ExternalActors__/ThirdPerson/Maps/ThirdPersonMap/9/NT/T8XBQ2EDJ50ZUX2BXWACO8
 |- Actor Path: /Game/ThirdPerson/Maps/ThirdPersonMap.ThirdPersonMap:PersistentLevel.StaticMeshActor_UAID_00D861543586F50302_1204406790
 |- Actor Package: /Game/__ExternalActors__/ThirdPerson/Maps/ThirdPersonMap/E/R8/LHJ1U0Y2QORJZD4JR4DGSO
 |- Actor Path: /Game/ThirdPerson/Maps/ThirdPersonMap.ThirdPersonMap:PersistentLevel.StaticMeshActor_UAID_00D861543586F50302_1209589791
 |- Actor Package: /Game/__ExternalActors__/ThirdPerson/Maps/ThirdPersonMap/7/NW/CQX1OKM81Z8971KAF4JTIS
 |- Actor Path: /Game/ThirdPerson/Maps/ThirdPersonMap.ThirdPersonMap:PersistentLevel.StaticMeshActor_UAID_00D861543586F50302_1237573792
 |- Actor Package: /Game/__ExternalActors__/ThirdPerson/Maps/ThirdPersonMap/1/QS/7A32GS3JIT5IDID9PQ8XPX
 |- Actor Path: /Game/ThirdPerson/Maps/ThirdPersonMap.ThirdPersonMap:PersistentLevel.StaticMeshActor_UAID_00D861543586F50302_1251733793
 |- Actor Package: /Game/__ExternalActors__/ThirdPerson/Maps/ThirdPersonMap/4/5M/8CI1KRBAGYZ1T7QM1NY3QW
 |- Actor Path: /Game/ThirdPerson/Maps/ThirdPersonMap.ThirdPersonMap:PersistentLevel.StaticMeshActor_UAID_00D861543586F50302_1341721797
 |- Actor Package: /Game/__ExternalActors__/ThirdPerson/Maps/ThirdPersonMap/C/GO/6ZLTU2BIYCLWX9VSJ0AIF8
 |- Actor Path: /Game/ThirdPerson/Maps/ThirdPersonMap.ThirdPersonMap:PersistentLevel.StaticMeshActor_UAID_00D861543586F50302_1364494798
 |- Actor Package: /Game/__ExternalActors__/ThirdPerson/Maps/ThirdPersonMap/C/MP/AHSPICM1FRFWNHAZZFS7AL
 |- Actor Path: /Game/ThirdPerson/Maps/ThirdPersonMap.ThirdPersonMap:PersistentLevel.StaticMeshActor_UAID_00D861543586F50302_1375269799
 |- Actor Package: /Game/__ExternalActors__/ThirdPerson/Maps/ThirdPersonMap/6/W0/HV8JHYPW0FSNWK0EZFLHLX
 |- Actor Path: /Game/ThirdPerson/Maps/ThirdPersonMap.ThirdPersonMap:PersistentLevel.StaticMeshActor_UAID_00D861543586F50302_1391831800
 |- Actor Package: /Game/__ExternalActors__/ThirdPerson/Maps/ThirdPersonMap/B/80/SA4NATHJ560ER4RESZQMHN
 |- Actor Path: /Game/ThirdPerson/Maps/ThirdPersonMap.ThirdPersonMap:PersistentLevel.StaticMeshActor_UAID_00D861543586F50302_1404425801
 |- Actor Package: /Game/__ExternalActors__/ThirdPerson/Maps/ThirdPersonMap/1/1D/MZTN2Q87PG15318GYUXQQ1
 |- Actor Path: /Game/ThirdPerson/Maps/ThirdPersonMap.ThirdPersonMap:PersistentLevel.StaticMeshActor_UAID_00D861543586F50302_1417595802
 |- Actor Package: /Game/__ExternalActors__/ThirdPerson/Maps/ThirdPersonMap/A/LR/LBIQJEZ7G2339DRZVXYI6C
 |- Actor Path: /Game/ThirdPerson/Maps/ThirdPersonMap.ThirdPersonMap:PersistentLevel.StaticMeshActor_UAID_00D861543586F50302_1431402803
 |- Actor Package: /Game/__ExternalActors__/ThirdPerson/Maps/ThirdPersonMap/2/4Q/4H9L8544WB3IPY7D4YVXBO
 |- Actor Path: /Game/ThirdPerson/Maps/ThirdPersonMap.ThirdPersonMap:PersistentLevel.StaticMeshActor_UAID_00D861543586F50302_1667812810
 |- Actor Package: /Game/__ExternalActors__/ThirdPerson/Maps/ThirdPersonMap/3/HN/QORFLFKZ6H0S17581MGM1I
 |- Actor Path: /Game/ThirdPerson/Maps/ThirdPersonMap.ThirdPersonMap:PersistentLevel.VolumetricCloud_0
 |- Actor Package: /Game/__ExternalActors__/ThirdPerson/Maps/ThirdPersonMap/3/EY/87SHEJN5UBEAN2K5OV1G6R
 |- Actor Path: /Game/ThirdPerson/Maps/ThirdPersonMap.ThirdPersonMap:PersistentLevel.woda_C_UAID_00D861543586F50302_1466957804
 |- Actor Package: /Game/__ExternalActors__/ThirdPerson/Maps/ThirdPersonMap/8/9U/14DKDYN7XF6F8RR05499RR
 |- Actor Path: /Game/ThirdPerson/Maps/ThirdPersonMap.ThirdPersonMap:PersistentLevel.WorldDataLayers
 |- Actor Package: /Game/__ExternalActors__/ThirdPerson/Maps/ThirdPersonMap/0/43/HYQWORMY4JDQ5X3OKZXFLC

----------------------------------------------------------------------------------------------------------------
ThirdPersonMap - Runtime Hash Set
----------------------------------------------------------------------------------------------------------------

