[+] Containers:
 |- [+] Container: /Game/ThirdPerson/Maps/ThirdPersonMap
 |   |- [+] ActorDescs:
 |   |   |- Guid:1009703B419EC70C3B22CDB5607EBD98 BaseClass:/Game/ThirdPerson/Blueprints/resppoint.resppoint_C NativeClass:/Script/Engine.Actor Name:resppoint_C_UAID_00D861543586F40302_1217071619 Label:resppoint SpatiallyLoaded:1 Bounds:IsValid=true, Min=(X=116.000 Y=1150.000 Z=64.000), Max=(X=184.000 Y=1190.000 Z=136.000) RuntimeGrid:None EditorOnly:0 RuntimeOnly:0 HLODRelevant:0 ListedInSceneOutliner:1 IsMainWorldOnly:0
 |   |   |- Guid:19D975F74EBDEF85A1644BAE1AEFDA24 BaseClass:/Game/ThirdPerson/Blueprints/glazspawn.glazspawn_C NativeClass:/Script/Engine.Actor Name:glazspawn_C_UAID_00D861543586F20302_1966861265 Label:glazspawn SpatiallyLoaded:1 Bounds:IsValid=true, Min=(X=44.000 Y=2870.000 Z=-570.000), Max=(X=1200.000 Y=3030.000 Z=670.000) RuntimeGrid:None EditorOnly:0 RuntimeOnly:0 HLODRelevant:0 ListedInSceneOutliner:1 IsMainWorldOnly:0
 |   |   |- Guid:1F825F26466B09521F039094D24DF820 BaseClass: NativeClass:/Script/Engine.BlockingVolume Name:BlockingVolume_UAID_00D861543586B60302_1724236698 Label:BlockingVolume SpatiallyLoaded:1 Bounds:IsValid=true, Min=(X=60.000 Y=0.000 Z=-150.000), Max=(X=100.000 Y=2000.000 Z=250.000) RuntimeGrid:None EditorOnly:0 RuntimeOnly:0 HLODRelevant:0 ListedInSceneOutliner:1 IsMainWorldOnly:0
 |   |   |- Guid:20369AC44789B7005A603D8DB62B728F BaseClass:/Game/ThirdPerson/Blueprints/killzon.killzon_C NativeClass:/Script/Engine.Actor Name:killzon_C_UAID_00D861543586F40302_1423539620 Label:killzon SpatiallyLoaded:1 Bounds:IsValid=true, Min=(X=-44.000 Y=-380.000 Z=-202.000), Max=(X=244.000 Y=12660.000 Z=-138.000) RuntimeGrid:None EditorOnly:0 RuntimeOnly:0 HLODRelevant:0 ListedInSceneOutliner:1 IsMainWorldOnly:0
 |   |   |- Guid:2FB58999456391D349DC0F86DAC136ED BaseClass: NativeClass:/Script/Engine.SkyLight Name:SkyLight_1 Label:SkyLight SpatiallyLoaded:0 Bounds:IsValid=true, Min=(X=0.000 Y=0.000 Z=690.000), Max=(X=0.000 Y=0.000 Z=690.000) RuntimeGrid:None EditorOnly:0 RuntimeOnly:0 HLODRelevant:0 ListedInSceneOutliner:1 IsMainWorldOnly:0 FolderPath:Lighting FolderGuid:963EC3EB4002CCE9759E2EBA541A873A
 |   |   |- Guid:316CF2A6494ACA4C0E4180A87D36AB8F BaseClass: NativeClass:/Script/Engine.ExponentialHeightFog Name:ExponentialHeightFog_0 Label:ExponentialHeightFog SpatiallyLoaded:0 Bounds:IsValid=true, Min=(X=-5600.000 Y=-50.000 Z=-6850.000), Max=(X=-5600.000 Y=-50.000 Z=-6850.000) RuntimeGrid:None EditorOnly:0 RuntimeOnly:0 HLODRelevant:0 ListedInSceneOutliner:1 IsMainWorldOnly:0 FolderPath:Lighting FolderGuid:963EC3EB4002CCE9759E2EBA541A873A
 |   |   |- Guid:3A00AA1C422CE54C0BDB60BAF471BFBB BaseClass: NativeClass:/Script/Engine.PlayerStart Name:PlayerStart_0 Label:PlayerStart SpatiallyLoaded:0 Bounds:IsValid=true, Min=(X=130.000 Y=1030.000 Z=84.000), Max=(X=170.000 Y=1070.000 Z=176.000) RuntimeGrid:None EditorOnly:0 RuntimeOnly:0 HLODRelevant:0 ListedInSceneOutliner:1 IsMainWorldOnly:0
 |   |   |- Guid:4D3BE93F4146AAAC8BBE79999D96D57F BaseClass: NativeClass:/Script/Engine.VolumetricCloud Name:VolumetricCloud_0 Label:VolumetricCloud SpatiallyLoaded:0 Bounds:IsValid=true, Min=(X=0.000 Y=0.000 Z=820.000), Max=(X=0.000 Y=0.000 Z=820.000) RuntimeGrid:None EditorOnly:0 RuntimeOnly:0 HLODRelevant:0 ListedInSceneOutliner:1 IsMainWorldOnly:0 FolderPath:Lighting FolderGuid:963EC3EB4002CCE9759E2EBA541A873A
 |   |   |- Guid:632C6B6A4370963F178CFB88CD546A3E BaseClass: NativeClass:/Script/Engine.BlockingVolume Name:BlockingVolume_UAID_00D861543586F10302_1607984081 Label:BlockingVolume4 SpatiallyLoaded:1 Bounds:IsValid=true, Min=(X=200.000 Y=1940.000 Z=-150.000), Max=(X=240.000 Y=3940.000 Z=250.000) RuntimeGrid:None EditorOnly:0 RuntimeOnly:0 HLODRelevant:0 ListedInSceneOutliner:1 IsMainWorldOnly:0
 |   |   |- Guid:67B5DB9042F29F2B5954DC92E9B13CC5 BaseClass: NativeClass:/Script/Engine.BlockingVolume Name:BlockingVolume_UAID_00D861543586F10302_1630359083 Label:BlockingVolume6 SpatiallyLoaded:1 Bounds:IsValid=true, Min=(X=200.000 Y=3415.398 Z=-75.996), Max=(X=240.000 Y=5204.602 Z=1515.996) RuntimeGrid:None EditorOnly:0 RuntimeOnly:0 HLODRelevant:0 ListedInSceneOutliner:1 IsMainWorldOnly:0
 |   |   |- Guid:6BAF4DDD444C60371492D3919DB42C97 BaseClass: NativeClass:/Script/Engine.WorldDataLayers Name:WorldDataLayers Label:WorldDataLayers SpatiallyLoaded:0 Bounds:IsValid=true, Min=(X=0.000 Y=0.000 Z=0.000), Max=(X=0.000 Y=0.000 Z=0.000) RuntimeGrid:None EditorOnly:0 RuntimeOnly:0 HLODRelevant:0 ListedInSceneOutliner:1 IsMainWorldOnly:1
 |   |   |- Guid:6DC28D6E448CE092EFA0A9B430A6BE17 BaseClass: NativeClass:/Script/Engine.BlockingVolume Name:BlockingVolume_UAID_00D861543586F10302_1710997085 Label:BlockingVolume8 SpatiallyLoaded:1 Bounds:IsValid=true, Min=(X=60.000 Y=3415.398 Z=-75.996), Max=(X=100.000 Y=5204.602 Z=1515.996) RuntimeGrid:None EditorOnly:0 RuntimeOnly:0 HLODRelevant:0 ListedInSceneOutliner:1 IsMainWorldOnly:0
 |   |   |- Guid:8F3DCAE54C614515DC44F19632780CBE BaseClass: NativeClass:/Script/Engine.BlockingVolume Name:BlockingVolume_UAID_00D861543586F10302_1646893084 Label:BlockingVolume7 SpatiallyLoaded:1 Bounds:IsValid=true, Min=(X=200.000 Y=3415.398 Z=-75.996), Max=(X=240.000 Y=5204.602 Z=1515.996) RuntimeGrid:None EditorOnly:0 RuntimeOnly:0 HLODRelevant:0 ListedInSceneOutliner:1 IsMainWorldOnly:0
 |   |   |- Guid:A26199224B703CBA93C6F891F92BE646 BaseClass: NativeClass:/Script/Engine.BlockingVolume Name:BlockingVolume_UAID_00D861543586B60302_1990275699 Label:BlockingVolume2 SpatiallyLoaded:1 Bounds:IsValid=true, Min=(X=200.000 Y=0.000 Z=-150.000), Max=(X=240.000 Y=2000.000 Z=250.000) RuntimeGrid:None EditorOnly:0 RuntimeOnly:0 HLODRelevant:0 ListedInSceneOutliner:1 IsMainWorldOnly:0
 |   |   |- Guid:A2AD1C4A48FF884B45E0269413C106A0 BaseClass: NativeClass:/Script/Engine.StaticMeshActor Name:StaticMeshActor_UAID_00D861543586F40302_1544573621 Label:SM_Cube3 SpatiallyLoaded:1 Bounds:IsValid=true, Min=(X=0.000 Y=-3230.000 Z=-14.420), Max=(X=301.500 Y=67.203 Z=1222.756) RuntimeGrid:None EditorOnly:0 RuntimeOnly:0 HLODRelevant:1 ListedInSceneOutliner:1 IsMainWorldOnly:0 FolderPath:Playground FolderGuid:C73F09FC4215536B1DCE2A9E0A830C70
 |   |   |- Guid:AC7F22AD413C6F002FA84F92C0B68F74 BaseClass: NativeClass:/Script/Engine.StaticMeshActor Name:StaticMeshActor_UAID_00D861543586F10302_1415127079 Label:SM_Cube2 SpatiallyLoaded:1 Bounds:IsValid=true, Min=(X=0.000 Y=3460.753 Z=0.000), Max=(X=301.500 Y=4792.276 Z=1127.594) RuntimeGrid:None EditorOnly:0 RuntimeOnly:0 HLODRelevant:1 ListedInSceneOutliner:1 IsMainWorldOnly:0 FolderPath:Playground FolderGuid:C73F09FC4215536B1DCE2A9E0A830C70
 |   |   |- Guid:B785ED2844B84CFB91E7F39FE661CD99 BaseClass: NativeClass:/Script/Engine.DirectionalLight Name:DirectionalLight_0 Label:DirectionalLight SpatiallyLoaded:0 Bounds:IsValid=true, Min=(X=-1048576.000 Y=-1048576.000 Z=-1048576.000), Max=(X=1048576.000 Y=1048576.000 Z=1048576.000) RuntimeGrid:None EditorOnly:0 RuntimeOnly:0 HLODRelevant:0 ListedInSceneOutliner:1 IsMainWorldOnly:0 FolderPath:Lighting FolderGuid:963EC3EB4002CCE9759E2EBA541A873A
 |   |   |- Guid:CBFE9D494C5B0B72DB39B5B8535672E7 BaseClass: NativeClass:/Script/Engine.BlockingVolume Name:BlockingVolume_UAID_00D861543586F10302_1429818080 Label:BlockingVolume3 SpatiallyLoaded:1 Bounds:IsValid=true, Min=(X=-145.000 Y=200.000 Z=-150.000), Max=(X=505.000 Y=240.000 Z=250.000) RuntimeGrid:None EditorOnly:0 RuntimeOnly:0 HLODRelevant:0 ListedInSceneOutliner:1 IsMainWorldOnly:0
 |   |   |- Guid:CCFF262C46EEFFDF319E7F9539CE697E BaseClass: NativeClass:/Script/Engine.SkyAtmosphere Name:SkyAtmosphere_0 Label:SkyAtmosphere SpatiallyLoaded:0 Bounds:IsValid=true, Min=(X=0.000 Y=0.000 Z=1020.000), Max=(X=0.000 Y=0.000 Z=1020.000) RuntimeGrid:None EditorOnly:0 RuntimeOnly:0 HLODRelevant:0 ListedInSceneOutliner:1 IsMainWorldOnly:0 FolderPath:Lighting FolderGuid:963EC3EB4002CCE9759E2EBA541A873A
 |   |   |- Guid:E1FAA45D46FF2A028DD539A3EA04C7FE BaseClass: NativeClass:/Script/Engine.BlockingVolume Name:BlockingVolume_UAID_00D861543586F10302_1617590082 Label:BlockingVolume5 SpatiallyLoaded:1 Bounds:IsValid=true, Min=(X=60.000 Y=1780.000 Z=-150.000), Max=(X=100.000 Y=3780.000 Z=250.000) RuntimeGrid:None EditorOnly:0 RuntimeOnly:0 HLODRelevant:0 ListedInSceneOutliner:1 IsMainWorldOnly:0
 |   |   |- Guid:F03EA5654BCD68E362C6C5BDDBA5F804 BaseClass:/Game/ThirdPerson/Blueprints/another.another_C NativeClass:/Script/Engine.Actor Name:another_C_UAID_00D861543586F30302_1376343442 Label:another SpatiallyLoaded:1 Bounds:IsValid=true, Min=(X=118.000 Y=4560.000 Z=1070.000), Max=(X=390.000 Y=4720.000 Z=1230.000) RuntimeGrid:None EditorOnly:0 RuntimeOnly:0 HLODRelevant:0 ListedInSceneOutliner:1 IsMainWorldOnly:0
 |   |   |- Guid:F1924B8D48954B30891B2DB6A694F9CC BaseClass: NativeClass:/Script/Engine.StaticMeshActor Name:StaticMeshActor_1 Label:SM_Cube SpatiallyLoaded:1 Bounds:IsValid=true, Min=(X=0.000 Y=0.000 Z=0.000), Max=(X=301.500 Y=3492.250 Z=45.500) RuntimeGrid:None EditorOnly:0 RuntimeOnly:0 HLODRelevant:1 ListedInSceneOutliner:1 IsMainWorldOnly:0 FolderPath:Playground FolderGuid:C73F09FC4215536B1DCE2A9E0A830C70
 |   |- [+] Clusters:
 |   |   |- [+] [  0]
 |   |   |   |- Guid:1009703B419EC70C3B22CDB5607EBD98 BaseClass:/Game/ThirdPerson/Blueprints/resppoint.resppoint_C NativeClass:/Script/Engine.Actor Name:resppoint_C_UAID_00D861543586F40302_1217071619 Label:resppoint SpatiallyLoaded:1 Bounds:IsValid=true, Min=(X=116.000 Y=1150.000 Z=64.000), Max=(X=184.000 Y=1190.000 Z=136.000) RuntimeGrid:None EditorOnly:0 RuntimeOnly:0 HLODRelevant:0 ListedInSceneOutliner:1 IsMainWorldOnly:0
 |   |   |- [+] [  1]
 |   |   |   |- Guid:19D975F74EBDEF85A1644BAE1AEFDA24 BaseClass:/Game/ThirdPerson/Blueprints/glazspawn.glazspawn_C NativeClass:/Script/Engine.Actor Name:glazspawn_C_UAID_00D861543586F20302_1966861265 Label:glazspawn SpatiallyLoaded:1 Bounds:IsValid=true, Min=(X=44.000 Y=2870.000 Z=-570.000), Max=(X=1200.000 Y=3030.000 Z=670.000) RuntimeGrid:None EditorOnly:0 RuntimeOnly:0 HLODRelevant:0 ListedInSceneOutliner:1 IsMainWorldOnly:0
 |   |   |- [+] [  2]
 |   |   |   |- Guid:1F825F26466B09521F039094D24DF820 BaseClass: NativeClass:/Script/Engine.BlockingVolume Name:BlockingVolume_UAID_00D861543586B60302_1724236698 Label:BlockingVolume SpatiallyLoaded:1 Bounds:IsValid=true, Min=(X=60.000 Y=0.000 Z=-150.000), Max=(X=100.000 Y=2000.000 Z=250.000) RuntimeGrid:None EditorOnly:0 RuntimeOnly:0 HLODRelevant:0 ListedInSceneOutliner:1 IsMainWorldOnly:0
 |   |   |- [+] [  3]
 |   |   |   |- Guid:20369AC44789B7005A603D8DB62B728F BaseClass:/Game/ThirdPerson/Blueprints/killzon.killzon_C NativeClass:/Script/Engine.Actor Name:killzon_C_UAID_00D861543586F40302_1423539620 Label:killzon SpatiallyLoaded:1 Bounds:IsValid=true, Min=(X=-44.000 Y=-380.000 Z=-202.000), Max=(X=244.000 Y=12660.000 Z=-138.000) RuntimeGrid:None EditorOnly:0 RuntimeOnly:0 HLODRelevant:0 ListedInSceneOutliner:1 IsMainWorldOnly:0
 |   |   |- [+] [  4]
 |   |   |   |- Guid:2FB58999456391D349DC0F86DAC136ED BaseClass: NativeClass:/Script/Engine.SkyLight Name:SkyLight_1 Label:SkyLight SpatiallyLoaded:0 Bounds:IsValid=true, Min=(X=0.000 Y=0.000 Z=690.000), Max=(X=0.000 Y=0.000 Z=690.000) RuntimeGrid:None EditorOnly:0 RuntimeOnly:0 HLODRelevant:0 ListedInSceneOutliner:1 IsMainWorldOnly:0 FolderPath:Lighting FolderGuid:963EC3EB4002CCE9759E2EBA541A873A
 |   |   |- [+] [  5]
 |   |   |   |- Guid:316CF2A6494ACA4C0E4180A87D36AB8F BaseClass: NativeClass:/Script/Engine.ExponentialHeightFog Name:ExponentialHeightFog_0 Label:ExponentialHeightFog SpatiallyLoaded:0 Bounds:IsValid=true, Min=(X=-5600.000 Y=-50.000 Z=-6850.000), Max=(X=-5600.000 Y=-50.000 Z=-6850.000) RuntimeGrid:None EditorOnly:0 RuntimeOnly:0 HLODRelevant:0 ListedInSceneOutliner:1 IsMainWorldOnly:0 FolderPath:Lighting FolderGuid:963EC3EB4002CCE9759E2EBA541A873A
 |   |   |- [+] [  6]
 |   |   |   |- Guid:3A00AA1C422CE54C0BDB60BAF471BFBB BaseClass: NativeClass:/Script/Engine.PlayerStart Name:PlayerStart_0 Label:PlayerStart SpatiallyLoaded:0 Bounds:IsValid=true, Min=(X=130.000 Y=1030.000 Z=84.000), Max=(X=170.000 Y=1070.000 Z=176.000) RuntimeGrid:None EditorOnly:0 RuntimeOnly:0 HLODRelevant:0 ListedInSceneOutliner:1 IsMainWorldOnly:0
 |   |   |- [+] [  7]
 |   |   |   |- Guid:4D3BE93F4146AAAC8BBE79999D96D57F BaseClass: NativeClass:/Script/Engine.VolumetricCloud Name:VolumetricCloud_0 Label:VolumetricCloud SpatiallyLoaded:0 Bounds:IsValid=true, Min=(X=0.000 Y=0.000 Z=820.000), Max=(X=0.000 Y=0.000 Z=820.000) RuntimeGrid:None EditorOnly:0 RuntimeOnly:0 HLODRelevant:0 ListedInSceneOutliner:1 IsMainWorldOnly:0 FolderPath:Lighting FolderGuid:963EC3EB4002CCE9759E2EBA541A873A
 |   |   |- [+] [  8]
 |   |   |   |- Guid:632C6B6A4370963F178CFB88CD546A3E BaseClass: NativeClass:/Script/Engine.BlockingVolume Name:BlockingVolume_UAID_00D861543586F10302_1607984081 Label:BlockingVolume4 SpatiallyLoaded:1 Bounds:IsValid=true, Min=(X=200.000 Y=1940.000 Z=-150.000), Max=(X=240.000 Y=3940.000 Z=250.000) RuntimeGrid:None EditorOnly:0 RuntimeOnly:0 HLODRelevant:0 ListedInSceneOutliner:1 IsMainWorldOnly:0
 |   |   |- [+] [  9]
 |   |   |   |- Guid:67B5DB9042F29F2B5954DC92E9B13CC5 BaseClass: NativeClass:/Script/Engine.BlockingVolume Name:BlockingVolume_UAID_00D861543586F10302_1630359083 Label:BlockingVolume6 SpatiallyLoaded:1 Bounds:IsValid=true, Min=(X=200.000 Y=3415.398 Z=-75.996), Max=(X=240.000 Y=5204.602 Z=1515.996) RuntimeGrid:None EditorOnly:0 RuntimeOnly:0 HLODRelevant:0 ListedInSceneOutliner:1 IsMainWorldOnly:0
 |   |   |- [+] [ 10]
 |   |   |   |- Guid:6BAF4DDD444C60371492D3919DB42C97 BaseClass: NativeClass:/Script/Engine.WorldDataLayers Name:WorldDataLayers Label:WorldDataLayers SpatiallyLoaded:0 Bounds:IsValid=true, Min=(X=0.000 Y=0.000 Z=0.000), Max=(X=0.000 Y=0.000 Z=0.000) RuntimeGrid:None EditorOnly:0 RuntimeOnly:0 HLODRelevant:0 ListedInSceneOutliner:1 IsMainWorldOnly:1
 |   |   |- [+] [ 11]
 |   |   |   |- Guid:6DC28D6E448CE092EFA0A9B430A6BE17 BaseClass: NativeClass:/Script/Engine.BlockingVolume Name:BlockingVolume_UAID_00D861543586F10302_1710997085 Label:BlockingVolume8 SpatiallyLoaded:1 Bounds:IsValid=true, Min=(X=60.000 Y=3415.398 Z=-75.996), Max=(X=100.000 Y=5204.602 Z=1515.996) RuntimeGrid:None EditorOnly:0 RuntimeOnly:0 HLODRelevant:0 ListedInSceneOutliner:1 IsMainWorldOnly:0
 |   |   |- [+] [ 12]
 |   |   |   |- Guid:8F3DCAE54C614515DC44F19632780CBE BaseClass: NativeClass:/Script/Engine.BlockingVolume Name:BlockingVolume_UAID_00D861543586F10302_1646893084 Label:BlockingVolume7 SpatiallyLoaded:1 Bounds:IsValid=true, Min=(X=200.000 Y=3415.398 Z=-75.996), Max=(X=240.000 Y=5204.602 Z=1515.996) RuntimeGrid:None EditorOnly:0 RuntimeOnly:0 HLODRelevant:0 ListedInSceneOutliner:1 IsMainWorldOnly:0
 |   |   |- [+] [ 13]
 |   |   |   |- Guid:A26199224B703CBA93C6F891F92BE646 BaseClass: NativeClass:/Script/Engine.BlockingVolume Name:BlockingVolume_UAID_00D861543586B60302_1990275699 Label:BlockingVolume2 SpatiallyLoaded:1 Bounds:IsValid=true, Min=(X=200.000 Y=0.000 Z=-150.000), Max=(X=240.000 Y=2000.000 Z=250.000) RuntimeGrid:None EditorOnly:0 RuntimeOnly:0 HLODRelevant:0 ListedInSceneOutliner:1 IsMainWorldOnly:0
 |   |   |- [+] [ 14]
 |   |   |   |- Guid:A2AD1C4A48FF884B45E0269413C106A0 BaseClass: NativeClass:/Script/Engine.StaticMeshActor Name:StaticMeshActor_UAID_00D861543586F40302_1544573621 Label:SM_Cube3 SpatiallyLoaded:1 Bounds:IsValid=true, Min=(X=0.000 Y=-3230.000 Z=-14.420), Max=(X=301.500 Y=67.203 Z=1222.756) RuntimeGrid:None EditorOnly:0 RuntimeOnly:0 HLODRelevant:1 ListedInSceneOutliner:1 IsMainWorldOnly:0 FolderPath:Playground FolderGuid:C73F09FC4215536B1DCE2A9E0A830C70
 |   |   |- [+] [ 15]
 |   |   |   |- Guid:AC7F22AD413C6F002FA84F92C0B68F74 BaseClass: NativeClass:/Script/Engine.StaticMeshActor Name:StaticMeshActor_UAID_00D861543586F10302_1415127079 Label:SM_Cube2 SpatiallyLoaded:1 Bounds:IsValid=true, Min=(X=0.000 Y=3460.753 Z=0.000), Max=(X=301.500 Y=4792.276 Z=1127.594) RuntimeGrid:None EditorOnly:0 RuntimeOnly:0 HLODRelevant:1 ListedInSceneOutliner:1 IsMainWorldOnly:0 FolderPath:Playground FolderGuid:C73F09FC4215536B1DCE2A9E0A830C70
 |   |   |- [+] [ 16]
 |   |   |   |- Guid:B785ED2844B84CFB91E7F39FE661CD99 BaseClass: NativeClass:/Script/Engine.DirectionalLight Name:DirectionalLight_0 Label:DirectionalLight SpatiallyLoaded:0 Bounds:IsValid=true, Min=(X=-1048576.000 Y=-1048576.000 Z=-1048576.000), Max=(X=1048576.000 Y=1048576.000 Z=1048576.000) RuntimeGrid:None EditorOnly:0 RuntimeOnly:0 HLODRelevant:0 ListedInSceneOutliner:1 IsMainWorldOnly:0 FolderPath:Lighting FolderGuid:963EC3EB4002CCE9759E2EBA541A873A
 |   |   |- [+] [ 17]
 |   |   |   |- Guid:CBFE9D494C5B0B72DB39B5B8535672E7 BaseClass: NativeClass:/Script/Engine.BlockingVolume Name:BlockingVolume_UAID_00D861543586F10302_1429818080 Label:BlockingVolume3 SpatiallyLoaded:1 Bounds:IsValid=true, Min=(X=-145.000 Y=200.000 Z=-150.000), Max=(X=505.000 Y=240.000 Z=250.000) RuntimeGrid:None EditorOnly:0 RuntimeOnly:0 HLODRelevant:0 ListedInSceneOutliner:1 IsMainWorldOnly:0
 |   |   |- [+] [ 18]
 |   |   |   |- Guid:CCFF262C46EEFFDF319E7F9539CE697E BaseClass: NativeClass:/Script/Engine.SkyAtmosphere Name:SkyAtmosphere_0 Label:SkyAtmosphere SpatiallyLoaded:0 Bounds:IsValid=true, Min=(X=0.000 Y=0.000 Z=1020.000), Max=(X=0.000 Y=0.000 Z=1020.000) RuntimeGrid:None EditorOnly:0 RuntimeOnly:0 HLODRelevant:0 ListedInSceneOutliner:1 IsMainWorldOnly:0 FolderPath:Lighting FolderGuid:963EC3EB4002CCE9759E2EBA541A873A
 |   |   |- [+] [ 19]
 |   |   |   |- Guid:E1FAA45D46FF2A028DD539A3EA04C7FE BaseClass: NativeClass:/Script/Engine.BlockingVolume Name:BlockingVolume_UAID_00D861543586F10302_1617590082 Label:BlockingVolume5 SpatiallyLoaded:1 Bounds:IsValid=true, Min=(X=60.000 Y=1780.000 Z=-150.000), Max=(X=100.000 Y=3780.000 Z=250.000) RuntimeGrid:None EditorOnly:0 RuntimeOnly:0 HLODRelevant:0 ListedInSceneOutliner:1 IsMainWorldOnly:0
 |   |   |- [+] [ 20]
 |   |   |   |- Guid:F03EA5654BCD68E362C6C5BDDBA5F804 BaseClass:/Game/ThirdPerson/Blueprints/another.another_C NativeClass:/Script/Engine.Actor Name:another_C_UAID_00D861543586F30302_1376343442 Label:another SpatiallyLoaded:1 Bounds:IsValid=true, Min=(X=118.000 Y=4560.000 Z=1070.000), Max=(X=390.000 Y=4720.000 Z=1230.000) RuntimeGrid:None EditorOnly:0 RuntimeOnly:0 HLODRelevant:0 ListedInSceneOutliner:1 IsMainWorldOnly:0
 |   |   |- [+] [ 21]
 |   |   |   |- Guid:F1924B8D48954B30891B2DB6A694F9CC BaseClass: NativeClass:/Script/Engine.StaticMeshActor Name:StaticMeshActor_1 Label:SM_Cube SpatiallyLoaded:1 Bounds:IsValid=true, Min=(X=0.000 Y=0.000 Z=0.000), Max=(X=301.500 Y=3492.250 Z=45.500) RuntimeGrid:None EditorOnly:0 RuntimeOnly:0 HLODRelevant:1 ListedInSceneOutliner:1 IsMainWorldOnly:0 FolderPath:Playground FolderGuid:C73F09FC4215536B1DCE2A9E0A830C70
 |- ContainerInstances:
 |- [+] MainContainer:
 |   |-        ID: 00000000000000000000000000000000
 |   |-  ParentID: 00000000000000000000000000000000
 |   |-    Bounds: IsValid=false, Min=(X=0.000 Y=0.000 Z=0.000), Max=(X=0.000 Y=0.000 Z=0.000)
 |   |- Transform: 0.000000,0.000000,0.000000|0.000000,0.000000,-0.000000|1.000000,1.000000,1.000000
 |   |- Container: /Game/ThirdPerson/Maps/ThirdPersonMap
----------------------------------------------------------------------------------------------------------------
ThirdPersonMap - Persistent Level
----------------------------------------------------------------------------------------------------------------
[+] Content of ThirdPersonMap Persistent Level
 |- Always loaded Actor Count: 22 
 |- Actor Path: /Game/ThirdPerson/Maps/ThirdPersonMap.ThirdPersonMap:PersistentLevel.another_C_UAID_00D861543586F30302_1376343442
 |- Actor Package: /Game/__ExternalActors__/ThirdPerson/Maps/ThirdPersonMap/0/8O/YBW1DDO48VCVFBVJJOKUCB
 |- Actor Path: /Game/ThirdPerson/Maps/ThirdPersonMap.ThirdPersonMap:PersistentLevel.BlockingVolume_UAID_00D861543586B60302_1724236698
 |- Actor Package: /Game/__ExternalActors__/ThirdPerson/Maps/ThirdPersonMap/B/RK/VUY7DRPO1O7JL0O8S1ACIO
 |- Actor Path: /Game/ThirdPerson/Maps/ThirdPersonMap.ThirdPersonMap:PersistentLevel.BlockingVolume_UAID_00D861543586B60302_1990275699
 |- Actor Package: /Game/__ExternalActors__/ThirdPerson/Maps/ThirdPersonMap/E/VM/XNYQHJ0N7HW4AX52B7XA5Q
 |- Actor Path: /Game/ThirdPerson/Maps/ThirdPersonMap.ThirdPersonMap:PersistentLevel.BlockingVolume_UAID_00D861543586F10302_1429818080
 |- Actor Package: /Game/__ExternalActors__/ThirdPerson/Maps/ThirdPersonMap/5/N4/C8XRMQUO94E9RXL3Y85SWV
 |- Actor Path: /Game/ThirdPerson/Maps/ThirdPersonMap.ThirdPersonMap:PersistentLevel.BlockingVolume_UAID_00D861543586F10302_1607984081
 |- Actor Package: /Game/__ExternalActors__/ThirdPerson/Maps/ThirdPersonMap/3/1Y/W2MWPPAABKA8NVZFL2C4KP
 |- Actor Path: /Game/ThirdPerson/Maps/ThirdPersonMap.ThirdPersonMap:PersistentLevel.BlockingVolume_UAID_00D861543586F10302_1617590082
 |- Actor Package: /Game/__ExternalActors__/ThirdPerson/Maps/ThirdPersonMap/7/EB/7SEDSKYDQD38W7UN8Q2KYG
 |- Actor Path: /Game/ThirdPerson/Maps/ThirdPersonMap.ThirdPersonMap:PersistentLevel.BlockingVolume_UAID_00D861543586F10302_1630359083
 |- Actor Package: /Game/__ExternalActors__/ThirdPerson/Maps/ThirdPersonMap/1/R5/YW6ZIPQT7XXXPV4B2OQDC8
 |- Actor Path: /Game/ThirdPerson/Maps/ThirdPersonMap.ThirdPersonMap:PersistentLevel.BlockingVolume_UAID_00D861543586F10302_1646893084
 |- Actor Package: /Game/__ExternalActors__/ThirdPerson/Maps/ThirdPersonMap/4/WG/YAXE0YLMC8TSSUHIS684B8
 |- Actor Path: /Game/ThirdPerson/Maps/ThirdPersonMap.ThirdPersonMap:PersistentLevel.BlockingVolume_UAID_00D861543586F10302_1710997085
 |- Actor Package: /Game/__ExternalActors__/ThirdPerson/Maps/ThirdPersonMap/8/JW/FVKG28FJIDYEGTUOH7FB0M
 |- Actor Path: /Game/ThirdPerson/Maps/ThirdPersonMap.ThirdPersonMap:PersistentLevel.DirectionalLight_0
 |- Actor Package: /Game/__ExternalActors__/ThirdPerson/Maps/ThirdPersonMap/5/R1/TS5OQ5CRUWFZYL1ZQ7I416
 |- Actor Path: /Game/ThirdPerson/Maps/ThirdPersonMap.ThirdPersonMap:PersistentLevel.ExponentialHeightFog_0
 |- Actor Package: /Game/__ExternalActors__/ThirdPerson/Maps/ThirdPersonMap/6/J7/N10XDC9G27EMLS5AGZ6AVV
 |- Actor Path: /Game/ThirdPerson/Maps/ThirdPersonMap.ThirdPersonMap:PersistentLevel.glazspawn_C_UAID_00D861543586F20302_1966861265
 |- Actor Package: /Game/__ExternalActors__/ThirdPerson/Maps/ThirdPersonMap/8/LE/DQU6CN78KQI8EF8SOCA157
 |- Actor Path: /Game/ThirdPerson/Maps/ThirdPersonMap.ThirdPersonMap:PersistentLevel.killzon_C_UAID_00D861543586F40302_1423539620
 |- Actor Package: /Game/__ExternalActors__/ThirdPerson/Maps/ThirdPersonMap/E/HW/G67ZC4D502KLCEB5A7MXLD
 |- Actor Path: /Game/ThirdPerson/Maps/ThirdPersonMap.ThirdPersonMap:PersistentLevel.PlayerStart_0
 |- Actor Package: /Game/__ExternalActors__/ThirdPerson/Maps/ThirdPersonMap/D/DE/SWSI13675DVYIZ0N4NF7Y3
 |- Actor Path: /Game/ThirdPerson/Maps/ThirdPersonMap.ThirdPersonMap:PersistentLevel.resppoint_C_UAID_00D861543586F40302_1217071619
 |- Actor Package: /Game/__ExternalActors__/ThirdPerson/Maps/ThirdPersonMap/D/0M/20O8VSPKX4W2IK26PP9PIR
 |- Actor Path: /Game/ThirdPerson/Maps/ThirdPersonMap.ThirdPersonMap:PersistentLevel.SkyAtmosphere_0
 |- Actor Package: /Game/__ExternalActors__/ThirdPerson/Maps/ThirdPersonMap/4/LN/30UBDLYFFA5ZR7U4W4L4GG
 |- Actor Path: /Game/ThirdPerson/Maps/ThirdPersonMap.ThirdPersonMap:PersistentLevel.SkyLight_1
 |- Actor Package: /Game/__ExternalActors__/ThirdPerson/Maps/ThirdPersonMap/8/S1/DXUWD12MD3HRWVVXX076BY
 |- Actor Path: /Game/ThirdPerson/Maps/ThirdPersonMap.ThirdPersonMap:PersistentLevel.StaticMeshActor_1
 |- Actor Package: /Game/__ExternalActors__/ThirdPerson/Maps/ThirdPersonMap/6/YO/NG2R9BPZVA7ZDN0Z4VSTG6
 |- Actor Path: /Game/ThirdPerson/Maps/ThirdPersonMap.ThirdPersonMap:PersistentLevel.StaticMeshActor_UAID_00D861543586F10302_1415127079
 |- Actor Package: /Game/__ExternalActors__/ThirdPerson/Maps/ThirdPersonMap/C/NP/YWAR4UI21VXX1DAOO4LWE3
 |- Actor Path: /Game/ThirdPerson/Maps/ThirdPersonMap.ThirdPersonMap:PersistentLevel.StaticMeshActor_UAID_00D861543586F40302_1544573621
 |- Actor Package: /Game/__ExternalActors__/ThirdPerson/Maps/ThirdPersonMap/1/PA/NRBK2IQWEXEO0IWAZ5G6KI
 |- Actor Path: /Game/ThirdPerson/Maps/ThirdPersonMap.ThirdPersonMap:PersistentLevel.VolumetricCloud_0
 |- Actor Package: /Game/__ExternalActors__/ThirdPerson/Maps/ThirdPersonMap/3/EY/87SHEJN5UBEAN2K5OV1G6R
 |- Actor Path: /Game/ThirdPerson/Maps/ThirdPersonMap.ThirdPersonMap:PersistentLevel.WorldDataLayers
 |- Actor Package: /Game/__ExternalActors__/ThirdPerson/Maps/ThirdPersonMap/0/43/HYQWORMY4JDQ5X3OKZXFLC

----------------------------------------------------------------------------------------------------------------
ThirdPersonMap - Runtime Hash Set
----------------------------------------------------------------------------------------------------------------

